  [1m[35m (13334.3ms)[0m  [1m[35mCREATE DATABASE "Rails_Auth_development" ENCODING = 'unicode'[0m
  [1m[35m (7083.5ms)[0m  [1m[35mCREATE DATABASE "Rails_Auth_test" ENCODING = 'unicode'[0m
  [1m[35m (1127.2ms)[0m  [1m[35mCREATE TABLE "schema_migrations" ("version" character varying NOT NULL PRIMARY KEY)[0m
  [1m[35m (79.5ms)[0m  [1m[35mCREATE TABLE "ar_internal_metadata" ("key" character varying NOT NULL PRIMARY KEY, "value" character varying, "created_at" timestamp(6) NOT NULL, "updated_at" timestamp(6) NOT NULL)[0m
  [1m[35m (32.3ms)[0m  [1m[34mSELECT pg_try_advisory_lock(1032132881969430675)[0m
  [1m[35m (1.6ms)[0m  [1m[34mSELECT "schema_migrations"."version" FROM "schema_migrations" ORDER BY "schema_migrations"."version" ASC[0m
Migrating to CreateUsers (20201031233409)
  [1m[35m (41.2ms)[0m  [1m[35mBEGIN[0m
  [1m[35m (264.0ms)[0m  [1m[35mCREATE TABLE "users" ("id" bigserial primary key, "username" character varying NOT NULL, "password_digest" character varying NOT NULL, "session_token" character varying NOT NULL, "created_at" timestamp(6) NOT NULL, "updated_at" timestamp(6) NOT NULL)[0m
  [1m[35m (2.8ms)[0m  [1m[35mCREATE UNIQUE INDEX  "index_users_on_username" ON "users"  ("username")[0m
  [1m[35m (1.5ms)[0m  [1m[35mCREATE UNIQUE INDEX  "index_users_on_session_token" ON "users"  ("session_token")[0m
  [1m[36mprimary::SchemaMigration Create (73.2ms)[0m  [1m[32mINSERT INTO "schema_migrations" ("version") VALUES ($1) RETURNING "version"[0m  [["version", "20201031233409"]]
  [1m[35m (20.1ms)[0m  [1m[35mCOMMIT[0m
  [1m[36mActiveRecord::InternalMetadata Load (7.9ms)[0m  [1m[34mSELECT "ar_internal_metadata".* FROM "ar_internal_metadata" WHERE "ar_internal_metadata"."key" = $1 LIMIT $2[0m  [["key", "environment"], ["LIMIT", 1]]
  [1m[35m (0.3ms)[0m  [1m[35mBEGIN[0m
  [1m[36mActiveRecord::InternalMetadata Create (67.8ms)[0m  [1m[32mINSERT INTO "ar_internal_metadata" ("key", "value", "created_at", "updated_at") VALUES ($1, $2, $3, $4) RETURNING "key"[0m  [["key", "environment"], ["value", "development"], ["created_at", "2020-11-01 00:10:03.138219"], ["updated_at", "2020-11-01 00:10:03.138219"]]
  [1m[35m (4.3ms)[0m  [1m[35mCOMMIT[0m
  [1m[35m (0.7ms)[0m  [1m[34mSELECT pg_advisory_unlock(1032132881969430675)[0m
  [1m[35m (20.4ms)[0m  [1m[34mSELECT "schema_migrations"."version" FROM "schema_migrations" ORDER BY "schema_migrations"."version" ASC[0m
  [1m[35m (86.0ms)[0m  [1m[35mBEGIN[0m
  [1m[36mUser Exists? (816.3ms)[0m  [1m[34mSELECT 1 AS one FROM "users" WHERE "users"."username" = $1 LIMIT $2[0m  [["username", "jones"], ["LIMIT", 1]]
  [1m[36mUser Exists? (41.6ms)[0m  [1m[34mSELECT 1 AS one FROM "users" WHERE "users"."session_token" IS NULL LIMIT $1[0m  [["LIMIT", 1]]
  [1m[35m (27.2ms)[0m  [1m[31mROLLBACK[0m
  [1m[35m (0.3ms)[0m  [1m[35mBEGIN[0m
  [1m[36mUser Exists? (2.1ms)[0m  [1m[34mSELECT 1 AS one FROM "users" WHERE "users"."username" = $1 LIMIT $2[0m  [["username", "jones"], ["LIMIT", 1]]
  [1m[36mUser Exists? (0.7ms)[0m  [1m[34mSELECT 1 AS one FROM "users" WHERE "users"."session_token" IS NULL LIMIT $1[0m  [["LIMIT", 1]]
  [1m[35m (0.3ms)[0m  [1m[31mROLLBACK[0m
  [1m[35m (0.3ms)[0m  [1m[35mBEGIN[0m
  [1m[36mUser Exists? (1.5ms)[0m  [1m[34mSELECT 1 AS one FROM "users" WHERE "users"."username" = $1 LIMIT $2[0m  [["username", "jones"], ["LIMIT", 1]]
  [1m[36mUser Exists? (0.7ms)[0m  [1m[34mSELECT 1 AS one FROM "users" WHERE "users"."session_token" IS NULL LIMIT $1[0m  [["LIMIT", 1]]
  [1m[36mUser Create (185.3ms)[0m  [1m[32mINSERT INTO "users" ("username", "password_digest", "created_at", "updated_at") VALUES ($1, $2, $3, $4) RETURNING "id"[0m  [["username", "jones"], ["password_digest", "$2a$12$zYrcdLiecgpGifp.WvT1COcbh4zFFuYJ2AkxLgpynzQAEfJo3zery"], ["created_at", "2020-11-01 00:51:44.071737"], ["updated_at", "2020-11-01 00:51:44.071737"]]
  [1m[35m (0.3ms)[0m  [1m[31mROLLBACK[0m
  [1m[35m (0.6ms)[0m  [1m[35mBEGIN[0m
  [1m[36mUser Exists? (0.8ms)[0m  [1m[34mSELECT 1 AS one FROM "users" WHERE "users"."username" = $1 LIMIT $2[0m  [["username", "jones"], ["LIMIT", 1]]
  [1m[36mUser Exists? (0.7ms)[0m  [1m[34mSELECT 1 AS one FROM "users" WHERE "users"."session_token" = $1 LIMIT $2[0m  [["session_token", "place_holder"], ["LIMIT", 1]]
  [1m[36mUser Create (142.3ms)[0m  [1m[32mINSERT INTO "users" ("username", "password_digest", "session_token", "created_at", "updated_at") VALUES ($1, $2, $3, $4, $5) RETURNING "id"[0m  [["username", "jones"], ["password_digest", "$2a$12$zYrcdLiecgpGifp.WvT1COcbh4zFFuYJ2AkxLgpynzQAEfJo3zery"], ["session_token", "place_holder"], ["created_at", "2020-11-01 00:51:44.071737"], ["updated_at", "2020-11-01 00:51:44.071737"]]
  [1m[35m (22.1ms)[0m  [1m[35mCOMMIT[0m
  [1m[36mUser Load (12.0ms)[0m  [1m[34mSELECT "users".* FROM "users" ORDER BY "users"."id" ASC LIMIT $1[0m  [["LIMIT", 1]]
