  [1m[35m (7697.9ms)[0m  [1m[35mCREATE DATABASE "Ninety_Nine_Cats_Rails_development" ENCODING = 'unicode'[0m
  ↳ bin/rails:9
  [1m[35m (7249.8ms)[0m  [1m[35mCREATE DATABASE "Ninety_Nine_Cats_Rails_test" ENCODING = 'unicode'[0m
  ↳ bin/rails:9
  [1m[35m (804.5ms)[0m  [1m[35mCREATE TABLE "schema_migrations" ("version" character varying NOT NULL PRIMARY KEY)[0m
  ↳ bin/rails:9
  [1m[35m (42.1ms)[0m  [1m[35mCREATE TABLE "ar_internal_metadata" ("key" character varying NOT NULL PRIMARY KEY, "value" character varying, "created_at" timestamp NOT NULL, "updated_at" timestamp NOT NULL)[0m
  ↳ bin/rails:9
  [1m[35m (77.7ms)[0m  [1m[34mSELECT pg_try_advisory_lock(2271599473972228995)[0m
  ↳ bin/rails:9
  [1m[35m (0.9ms)[0m  [1m[34mSELECT "schema_migrations"."version" FROM "schema_migrations" ORDER BY "schema_migrations"."version" ASC[0m
  ↳ bin/rails:9
Migrating to CreateCats (20201025005302)
  [1m[35m (0.3ms)[0m  [1m[35mBEGIN[0m
  ↳ bin/rails:9
  [1m[35m (207.3ms)[0m  [1m[35mCREATE TABLE "cats" ("id" bigserial primary key, "birth_date" date NOT NULL, "color" character varying NOT NULL, "name" character varying NOT NULL, "sex" character varying(1) NOT NULL, "description" text, "created_at" timestamp NOT NULL, "updated_at" timestamp NOT NULL)[0m
  ↳ db/migrate/20201025005302_create_cats.rb:3
  [1m[36mActiveRecord::SchemaMigration Create (75.7ms)[0m  [1m[32mINSERT INTO "schema_migrations" ("version") VALUES ($1) RETURNING "version"[0m  [["version", "20201025005302"]]
  ↳ bin/rails:9
  [1m[35m (11.2ms)[0m  [1m[35mCOMMIT[0m
  ↳ bin/rails:9
  [1m[36mActiveRecord::InternalMetadata Load (27.1ms)[0m  [1m[34mSELECT  "ar_internal_metadata".* FROM "ar_internal_metadata" WHERE "ar_internal_metadata"."key" = $1 LIMIT $2[0m  [["key", "environment"], ["LIMIT", 1]]
  ↳ bin/rails:9
  [1m[35m (0.2ms)[0m  [1m[35mBEGIN[0m
  ↳ bin/rails:9
  [1m[36mActiveRecord::InternalMetadata Create (13.8ms)[0m  [1m[32mINSERT INTO "ar_internal_metadata" ("key", "value", "created_at", "updated_at") VALUES ($1, $2, $3, $4) RETURNING "key"[0m  [["key", "environment"], ["value", "development"], ["created_at", "2020-10-25 01:10:58.046225"], ["updated_at", "2020-10-25 01:10:58.046225"]]
  ↳ bin/rails:9
  [1m[35m (0.6ms)[0m  [1m[35mCOMMIT[0m
  ↳ bin/rails:9
  [1m[35m (0.3ms)[0m  [1m[34mSELECT pg_advisory_unlock(2271599473972228995)[0m
  ↳ bin/rails:9
  [1m[35m (36.5ms)[0m  [1m[34mSELECT "schema_migrations"."version" FROM "schema_migrations" ORDER BY "schema_migrations"."version" ASC[0m
  ↳ bin/rails:9
  [1m[35m (27.0ms)[0m  [1m[35mBEGIN[0m
  [1m[36mCat Create (896.7ms)[0m  [1m[32mINSERT INTO "cats" ("birth_date", "color", "name", "sex", "description", "created_at", "updated_at") VALUES ($1, $2, $3, $4, $5, $6, $7) RETURNING "id"[0m  [["birth_date", "1992-11-04"], ["color", "red"], ["name", "Merle"], ["sex", "M"], ["description", "This is a pretty good cat, not the best, but not the worst"], ["created_at", "2020-10-26 00:36:19.565848"], ["updated_at", "2020-10-26 00:36:19.565848"]]
  [1m[35m (167.5ms)[0m  [1m[35mCOMMIT[0m
  [1m[36mCat Load (27.2ms)[0m  [1m[34mSELECT  "cats".* FROM "cats" ORDER BY "cats"."id" ASC LIMIT $1[0m  [["LIMIT", 1]]
  [1m[36mCat Load (0.5ms)[0m  [1m[34mSELECT  "cats".* FROM "cats" ORDER BY "cats"."id" ASC LIMIT $1[0m  [["LIMIT", 1]]
  [1m[36mCat Load (1.1ms)[0m  [1m[34mSELECT  "cats".* FROM "cats" ORDER BY "cats"."id" ASC LIMIT $1[0m  [["LIMIT", 1]]
  [1m[36mCat Load (0.4ms)[0m  [1m[34mSELECT  "cats".* FROM "cats" ORDER BY "cats"."id" ASC LIMIT $1[0m  [["LIMIT", 1]]
  [1m[36mCat Destroy (78.3ms)[0m  [1m[31mDELETE FROM "cats" WHERE "cats"."id" = $1[0m  [["id", 1]]
  [1m[36mCat Load (0.7ms)[0m  [1m[34mSELECT "cats".* FROM "cats"[0m
  [1m[35m (0.2ms)[0m  [1m[35mBEGIN[0m
  [1m[35m (0.3ms)[0m  [1m[31mROLLBACK[0m
  [1m[35m (0.2ms)[0m  [1m[35mBEGIN[0m
  [1m[35m (0.3ms)[0m  [1m[31mROLLBACK[0m
  [1m[35m (0.2ms)[0m  [1m[35mBEGIN[0m
  [1m[35m (0.2ms)[0m  [1m[31mROLLBACK[0m
  [1m[35m (0.2ms)[0m  [1m[35mBEGIN[0m
  [1m[35m (0.3ms)[0m  [1m[31mROLLBACK[0m
  [1m[35m (0.3ms)[0m  [1m[35mBEGIN[0m
  [1m[35m (0.2ms)[0m  [1m[31mROLLBACK[0m
  [1m[35m (0.2ms)[0m  [1m[35mBEGIN[0m
  [1m[36mCat Create (70.8ms)[0m  [1m[32mINSERT INTO "cats" ("birth_date", "color", "name", "sex", "description", "created_at", "updated_at") VALUES ($1, $2, $3, $4, $5, $6, $7) RETURNING "id"[0m  [["birth_date", "2002-11-04"], ["color", "black"], ["name", "Jonji"], ["sex", "MM"], ["description", "We'll talk about it this later"], ["created_at", "2020-10-26 00:51:39.078954"], ["updated_at", "2020-10-26 00:51:39.078954"]]
  [1m[35m (0.3ms)[0m  [1m[31mROLLBACK[0m
  [1m[35m (0.2ms)[0m  [1m[35mBEGIN[0m
  [1m[36mCat Create (1.5ms)[0m  [1m[32mINSERT INTO "cats" ("birth_date", "color", "name", "sex", "description", "created_at", "updated_at") VALUES ($1, $2, $3, $4, $5, $6, $7) RETURNING "id"[0m  [["birth_date", "2002-11-04"], ["color", "black"], ["name", "Jonji"], ["sex", "M"], ["description", "We'll talk about it this later"], ["created_at", "2020-10-26 00:52:01.258252"], ["updated_at", "2020-10-26 00:52:01.258252"]]
  [1m[35m (24.6ms)[0m  [1m[35mCOMMIT[0m
  [1m[35m (0.3ms)[0m  [1m[35mBEGIN[0m
  [1m[36mCat Create (0.6ms)[0m  [1m[32mINSERT INTO "cats" ("birth_date", "color", "name", "sex", "description", "created_at", "updated_at") VALUES ($1, $2, $3, $4, $5, $6, $7) RETURNING "id"[0m  [["birth_date", "2008-11-04"], ["color", "black"], ["name", "Jonji"], ["sex", "M"], ["description", "We'll talk about it this later"], ["created_at", "2020-10-26 00:54:33.878289"], ["updated_at", "2020-10-26 00:54:33.878289"]]
  [1m[35m (0.6ms)[0m  [1m[35mCOMMIT[0m
  [1m[35m (72.9ms)[0m  [1m[34mSELECT "schema_migrations"."version" FROM "schema_migrations" ORDER BY "schema_migrations"."version" ASC[0m
  ↳ bin/rails:9
  [1m[35m (0.2ms)[0m  [1m[35mBEGIN[0m
  ↳ db/seeds.rb:9
  [1m[36mCat Create (160.7ms)[0m  [1m[32mINSERT INTO "cats" ("birth_date", "color", "name", "sex", "description", "created_at", "updated_at") VALUES ($1, $2, $3, $4, $5, $6, $7) RETURNING "id"[0m  [["birth_date", "2015-11-04"], ["color", "brown"], ["name", "Sprinkles"], ["sex", "F"], ["description", "A nice cat, probably too nice"], ["created_at", "2020-10-26 17:41:32.876139"], ["updated_at", "2020-10-26 17:41:32.876139"]]
  ↳ db/seeds.rb:9
  [1m[35m (91.8ms)[0m  [1m[35mCOMMIT[0m
  ↳ db/seeds.rb:9
  [1m[35m (0.3ms)[0m  [1m[35mBEGIN[0m
  ↳ db/seeds.rb:13
  [1m[36mCat Create (0.9ms)[0m  [1m[32mINSERT INTO "cats" ("birth_date", "color", "name", "sex", "description", "created_at", "updated_at") VALUES ($1, $2, $3, $4, $5, $6, $7) RETURNING "id"[0m  [["birth_date", "2015-11-05"], ["color", "white"], ["name", "Cinnamon"], ["sex", "F"], ["description", "This cat loves to jump"], ["created_at", "2020-10-26 17:41:33.202648"], ["updated_at", "2020-10-26 17:41:33.202648"]]
  ↳ db/seeds.rb:13
  [1m[35m (1.0ms)[0m  [1m[35mCOMMIT[0m
  ↳ db/seeds.rb:13
  [1m[35m (0.2ms)[0m  [1m[35mBEGIN[0m
  ↳ db/seeds.rb:17
  [1m[36mCat Create (0.6ms)[0m  [1m[32mINSERT INTO "cats" ("birth_date", "color", "name", "sex", "description", "created_at", "updated_at") VALUES ($1, $2, $3, $4, $5, $6, $7) RETURNING "id"[0m  [["birth_date", "2016-11-06"], ["color", "black"], ["name", "Furball"], ["sex", "M"], ["description", "Man this cat sure has a lot of fur"], ["created_at", "2020-10-26 17:41:33.207501"], ["updated_at", "2020-10-26 17:41:33.207501"]]
  ↳ db/seeds.rb:17
  [1m[35m (1.0ms)[0m  [1m[35mCOMMIT[0m
  ↳ db/seeds.rb:17
  [1m[35m (0.4ms)[0m  [1m[35mBEGIN[0m
  ↳ db/seeds.rb:21
  [1m[36mCat Create (0.8ms)[0m  [1m[32mINSERT INTO "cats" ("birth_date", "color", "name", "sex", "description", "created_at", "updated_at") VALUES ($1, $2, $3, $4, $5, $6, $7) RETURNING "id"[0m  [["birth_date", "2011-11-07"], ["color", "orange"], ["name", "Sprinkles"], ["sex", "F"], ["description", "A nice cat, probably too nice"], ["created_at", "2020-10-26 17:41:33.212527"], ["updated_at", "2020-10-26 17:41:33.212527"]]
  ↳ db/seeds.rb:21
  [1m[35m (1.0ms)[0m  [1m[35mCOMMIT[0m
  ↳ db/seeds.rb:21
  [1m[35m (0.2ms)[0m  [1m[35mBEGIN[0m
  ↳ db/seeds.rb:25
  [1m[36mCat Create (0.7ms)[0m  [1m[32mINSERT INTO "cats" ("birth_date", "color", "name", "sex", "description", "created_at", "updated_at") VALUES ($1, $2, $3, $4, $5, $6, $7) RETURNING "id"[0m  [["birth_date", "2018-01-01"], ["color", "brown"], ["name", "Cato"], ["sex", "M"], ["description", "A young vibrant cat"], ["created_at", "2020-10-26 17:41:33.217367"], ["updated_at", "2020-10-26 17:41:33.217367"]]
  ↳ db/seeds.rb:25
  [1m[35m (0.9ms)[0m  [1m[35mCOMMIT[0m
  ↳ db/seeds.rb:25
  [1m[36mCat Load (43.1ms)[0m  [1m[34mSELECT "cats".* FROM "cats"[0m
  [1m[36mCat Load (30.4ms)[0m  [1m[34mSELECT  "cats".* FROM "cats" ORDER BY "cats"."id" ASC LIMIT $1[0m  [["LIMIT", 1]]
  [1m[36mCat Destroy (78.5ms)[0m  [1m[31mDELETE FROM "cats" WHERE "cats"."id" = $1[0m  [["id", 2]]
Started GET "/cats" for ::1 at 2020-10-26 13:47:15 -0400
  [1m[35m (1.9ms)[0m  [1m[34mSELECT "schema_migrations"."version" FROM "schema_migrations" ORDER BY "schema_migrations"."version" ASC[0m
  ↳ /Users/admin/.rbenv/versions/2.5.1/lib/ruby/gems/2.5.0/gems/activerecord-5.2.4.4/lib/active_record/log_subscriber.rb:98
Processing by CatsController#index as */*
Completed 500 Internal Server Error in 543ms (ActiveRecord: 0.0ms)



ActionView::MissingTemplate - Missing template cats/index, application/index with {:locale=>[:en], :formats=>[:html, :text, :js, :css, :ics, :csv, :vcf, :vtt, :png, :jpeg, :gif, :bmp, :tiff, :svg, :mpeg, :mp3, :ogg, :m4a, :webm, :mp4, :otf, :ttf, :woff, :woff2, :xml, :rss, :atom, :yaml, :multipart_form, :url_encoded_form, :json, :pdf, :zip, :gzip], :variants=>[], :handlers=>[:raw, :erb, :html, :builder, :ruby, :coffee, :jbuilder]}. Searched in:
  * "/Users/admin/Desktop/Current Projects/App_Academy_Projects/Ninety_Nine_Cats_Rails/app/views":
  app/controllers/cats_controller.rb:4:in `index'

Started GET "/cats" for ::1 at 2020-10-26 13:57:21 -0400
Processing by CatsController#index as */*
Completed 500 Internal Server Error in 112ms (ActiveRecord: 0.0ms)



ActionView::MissingTemplate - Missing template cats/index, application/index with {:locale=>[:en], :formats=>[:html, :text, :js, :css, :ics, :csv, :vcf, :vtt, :png, :jpeg, :gif, :bmp, :tiff, :svg, :mpeg, :mp3, :ogg, :m4a, :webm, :mp4, :otf, :ttf, :woff, :woff2, :xml, :rss, :atom, :yaml, :multipart_form, :url_encoded_form, :json, :pdf, :zip, :gzip], :variants=>[], :handlers=>[:raw, :erb, :html, :builder, :ruby, :coffee, :jbuilder]}. Searched in:
  * "/Users/admin/Desktop/Current Projects/App_Academy_Projects/Ninety_Nine_Cats_Rails/app/views":
  app/controllers/cats_controller.rb:4:in `index'

Started GET "/cats" for ::1 at 2020-10-26 14:01:42 -0400
Processing by CatsController#index as */*
Completed 500 Internal Server Error in 98ms (ActiveRecord: 0.0ms)



ActionView::MissingTemplate - Missing template cats/index, application/index with {:locale=>[:en], :formats=>[:html, :text, :js, :css, :ics, :csv, :vcf, :vtt, :png, :jpeg, :gif, :bmp, :tiff, :svg, :mpeg, :mp3, :ogg, :m4a, :webm, :mp4, :otf, :ttf, :woff, :woff2, :xml, :rss, :atom, :yaml, :multipart_form, :url_encoded_form, :json, :pdf, :zip, :gzip], :variants=>[], :handlers=>[:raw, :erb, :html, :builder, :ruby, :coffee, :jbuilder]}. Searched in:
  * "/Users/admin/Desktop/Current Projects/App_Academy_Projects/Ninety_Nine_Cats_Rails/app/views":
  app/controllers/cats_controller.rb:4:in `index'

Started GET "/cats" for ::1 at 2020-10-26 14:03:19 -0400
Processing by CatsController#index as */*
Completed 500 Internal Server Error in 79ms (ActiveRecord: 0.0ms)



ActionView::MissingTemplate - Missing template cats/index, application/index with {:locale=>[:en], :formats=>[:html, :text, :js, :css, :ics, :csv, :vcf, :vtt, :png, :jpeg, :gif, :bmp, :tiff, :svg, :mpeg, :mp3, :ogg, :m4a, :webm, :mp4, :otf, :ttf, :woff, :woff2, :xml, :rss, :atom, :yaml, :multipart_form, :url_encoded_form, :json, :pdf, :zip, :gzip], :variants=>[], :handlers=>[:raw, :erb, :html, :builder, :ruby, :coffee, :jbuilder]}. Searched in:
  * "/Users/admin/Desktop/Current Projects/App_Academy_Projects/Ninety_Nine_Cats_Rails/app/views":
  app/controllers/cats_controller.rb:4:in `index'

Started GET "/cats" for ::1 at 2020-10-26 14:09:59 -0400
Processing by CatsController#index as HTML
Completed 500 Internal Server Error in 17ms (ActiveRecord: 0.0ms)



ActionView::MissingTemplate - Missing template cats/index, application/index with {:locale=>[:en], :formats=>[:html], :variants=>[], :handlers=>[:raw, :erb, :html, :builder, :ruby, :coffee, :jbuilder]}. Searched in:
  * "/Users/admin/Desktop/Current Projects/App_Academy_Projects/Ninety_Nine_Cats_Rails/app/views":
  app/controllers/cats_controller.rb:4:in `index'

Started POST "/__better_errors/5de825fcb30a15a0/variables" for ::1 at 2020-10-26 14:10:00 -0400
  [1m[36mCat Load (7.6ms)[0m  [1m[34mSELECT  "cats".* FROM "cats" LIMIT $1[0m  [["LIMIT", 11]]
  ↳ /Users/admin/.rbenv/versions/2.5.1/lib/ruby/gems/2.5.0/gems/activerecord-5.2.4.4/lib/active_record/log_subscriber.rb:98
Started GET "/cats" for ::1 at 2020-10-26 14:13:22 -0400
  [1m[35m (127.8ms)[0m  [1m[34mSELECT "schema_migrations"."version" FROM "schema_migrations" ORDER BY "schema_migrations"."version" ASC[0m
  ↳ /Users/admin/.rbenv/versions/2.5.1/lib/ruby/gems/2.5.0/gems/activerecord-5.2.4.4/lib/active_record/log_subscriber.rb:98
Processing by CatsController#index as HTML
  [1m[36mCat Load (3.9ms)[0m  [1m[34mSELECT "cats".* FROM "cats"[0m
  ↳ app/controllers/cats_controller.rb:4
Completed 200 OK in 162ms (Views: 75.6ms | ActiveRecord: 18.3ms)


Started GET "/cats" for ::1 at 2020-10-26 14:13:59 -0400
Processing by CatsController#index as HTML
Completed 500 Internal Server Error in 109ms (ActiveRecord: 0.0ms)



ActionView::MissingTemplate - Missing template cats/index, application/index with {:locale=>[:en], :formats=>[:html], :variants=>[], :handlers=>[:raw, :erb, :html, :builder, :ruby, :coffee, :jbuilder]}. Searched in:
  * "/Users/admin/Desktop/Current Projects/App_Academy_Projects/Ninety_Nine_Cats_Rails/app/views":
  app/controllers/cats_controller.rb:4:in `index'

Started POST "/__better_errors/640c2e5a481b23d9/variables" for ::1 at 2020-10-26 14:13:59 -0400
  [1m[36mCat Load (0.3ms)[0m  [1m[34mSELECT  "cats".* FROM "cats" LIMIT $1[0m  [["LIMIT", 11]]
  ↳ /Users/admin/.rbenv/versions/2.5.1/lib/ruby/gems/2.5.0/gems/activerecord-5.2.4.4/lib/active_record/log_subscriber.rb:98
Started POST "/__better_errors/640c2e5a481b23d9/eval" for ::1 at 2020-10-26 14:14:05 -0400
  [1m[36mCat Load (0.8ms)[0m  [1m[34mSELECT  "cats".* FROM "cats" LIMIT $1[0m  [["LIMIT", 11]]
  ↳ /Users/admin/.rbenv/versions/2.5.1/lib/ruby/gems/2.5.0/gems/activerecord-5.2.4.4/lib/active_record/log_subscriber.rb:98
Started POST "/__better_errors/640c2e5a481b23d9/eval" for ::1 at 2020-10-26 14:14:10 -0400
Started GET "/cats" for ::1 at 2020-10-26 14:21:26 -0400
  [1m[35m (1.5ms)[0m  [1m[34mSELECT "schema_migrations"."version" FROM "schema_migrations" ORDER BY "schema_migrations"."version" ASC[0m
  ↳ /Users/admin/.rbenv/versions/2.5.1/lib/ruby/gems/2.5.0/gems/activerecord-5.2.4.4/lib/active_record/log_subscriber.rb:98
Processing by CatsController#index as HTML
  Rendering cats/index.html.erb within layouts/application
  [1m[36mCat Load (1.0ms)[0m  [1m[34mSELECT "cats".* FROM "cats"[0m
  ↳ app/views/cats/index.html.erb:4
  Rendered cats/index.html.erb within layouts/application (83.6ms)
Completed 200 OK in 904ms (Views: 860.4ms | ActiveRecord: 10.5ms)


Started GET "/cats" for ::1 at 2020-10-26 14:23:30 -0400
Processing by CatsController#index as HTML
  Rendering cats/index.html.erb within layouts/application
  [1m[36mCat Load (0.8ms)[0m  [1m[34mSELECT "cats".* FROM "cats"[0m
  ↳ app/views/cats/index.html.erb:4
  Rendered cats/index.html.erb within layouts/application (2.8ms)
Completed 200 OK in 54ms (Views: 52.7ms | ActiveRecord: 0.8ms)


Started GET "/cats/3" for ::1 at 2020-10-26 14:23:32 -0400

AbstractController::ActionNotFound - The action 'show' could not be found for CatsController:

Started POST "/__better_errors/2ae19eb815c769da/variables" for ::1 at 2020-10-26 14:23:32 -0400
  [1m[36mCat Load (41.7ms)[0m  [1m[34mSELECT "cats".* FROM "cats"[0m
  [1m[36mCat Load (487.7ms)[0m  [1m[34mSELECT "cats".* FROM "cats"[0m
  [1m[36mCat Load (70.8ms)[0m  [1m[34mSELECT  "cats".* FROM "cats" ORDER BY "cats"."id" ASC LIMIT $1[0m  [["LIMIT", 1]]
Started GET "/cats/3" for ::1 at 2020-10-26 17:30:26 -0400
  [1m[35m (43.6ms)[0m  [1m[34mSELECT "schema_migrations"."version" FROM "schema_migrations" ORDER BY "schema_migrations"."version" ASC[0m
  ↳ /Users/admin/.rbenv/versions/2.5.1/lib/ruby/gems/2.5.0/gems/activerecord-5.2.4.4/lib/active_record/log_subscriber.rb:98
Processing by CatsController#show as HTML
  Parameters: {"id"=>"3"}
  [1m[36mCat Load (1.8ms)[0m  [1m[34mSELECT  "cats".* FROM "cats" WHERE "cats"."id" = $1 LIMIT $2[0m  [["id", 3], ["LIMIT", 1]]
  ↳ app/controllers/cats_controller.rb:8
  Rendering cats/show.html.erb within layouts/application
  Rendered cats/show.html.erb within layouts/application (1.8ms)
Completed 200 OK in 692ms (Views: 445.4ms | ActiveRecord: 14.9ms)


Started GET "/cats/3" for ::1 at 2020-10-26 17:31:32 -0400
Processing by CatsController#show as HTML
  Parameters: {"id"=>"3"}
  [1m[36mCat Load (1.4ms)[0m  [1m[34mSELECT  "cats".* FROM "cats" WHERE "cats"."id" = $1 LIMIT $2[0m  [["id", 3], ["LIMIT", 1]]
  ↳ app/controllers/cats_controller.rb:8
  Rendering cats/show.html.erb within layouts/application
  Rendered cats/show.html.erb within layouts/application (0.4ms)
Completed 200 OK in 60ms (Views: 41.7ms | ActiveRecord: 1.4ms)


Started GET "/cats/3" for ::1 at 2020-10-26 18:09:06 -0400
Processing by CatsController#show as HTML
  Parameters: {"id"=>"3"}
  [1m[36mCat Load (0.8ms)[0m  [1m[34mSELECT  "cats".* FROM "cats" WHERE "cats"."id" = $1 LIMIT $2[0m  [["id", 3], ["LIMIT", 1]]
  ↳ app/controllers/cats_controller.rb:8
  Rendering cats/show.html.erb within layouts/application
  Rendered cats/show.html.erb within layouts/application (2.0ms)
Completed 200 OK in 101ms (Views: 90.1ms | ActiveRecord: 1.2ms)


Started GET "/cats/3" for ::1 at 2020-10-26 18:18:50 -0400
Processing by CatsController#show as HTML
  Parameters: {"id"=>"3"}
  [1m[36mCat Load (0.7ms)[0m  [1m[34mSELECT  "cats".* FROM "cats" WHERE "cats"."id" = $1 LIMIT $2[0m  [["id", 3], ["LIMIT", 1]]
  ↳ app/controllers/cats_controller.rb:8
  Rendering cats/show.html.erb within layouts/application
  Rendered cats/show.html.erb within layouts/application (217.1ms)
Completed 500 Internal Server Error in 240ms (ActiveRecord: 0.9ms)



NoMethodError - undefined method `each' for #<Cat:0x00007f940de88570>:
  app/views/cats/show.html.erb:12:in `_app_views_cats_show_html_erb__3781234645594663743_70136898038000'
  app/controllers/cats_controller.rb:9:in `show'

Started POST "/__better_errors/8bdbec98921360d0/variables" for ::1 at 2020-10-26 18:18:51 -0400
Started POST "/__better_errors/8bdbec98921360d0/eval" for ::1 at 2020-10-26 18:19:15 -0400
Started GET "/cats/3" for ::1 at 2020-10-26 18:19:32 -0400
Processing by CatsController#show as HTML
  Parameters: {"id"=>"3"}
  [1m[36mCat Load (0.8ms)[0m  [1m[34mSELECT  "cats".* FROM "cats" WHERE "cats"."id" = $1 LIMIT $2[0m  [["id", 3], ["LIMIT", 1]]
  ↳ app/controllers/cats_controller.rb:8
  Rendering cats/show.html.erb within layouts/application
  Rendered cats/show.html.erb within layouts/application (557.5ms)
Completed 500 Internal Server Error in 619ms (ActiveRecord: 0.8ms)



NameError - undefined local variable or method `cat' for #<#<Class:0x00007f940915cc38>:0x00007f940dde7058>
Did you mean?  @cat:
  app/views/cats/show.html.erb:13:in `_app_views_cats_show_html_erb__3781234645594663743_70136932281740'
  app/controllers/cats_controller.rb:9:in `show'

Started POST "/__better_errors/9c8276fa49cfaf10/variables" for ::1 at 2020-10-26 18:19:34 -0400
Started POST "/__better_errors/9c8276fa49cfaf10/eval" for ::1 at 2020-10-26 18:19:47 -0400
Started GET "/cats/3" for ::1 at 2020-10-26 18:20:11 -0400
Processing by CatsController#show as HTML
  Parameters: {"id"=>"3"}
  [1m[36mCat Load (0.6ms)[0m  [1m[34mSELECT  "cats".* FROM "cats" WHERE "cats"."id" = $1 LIMIT $2[0m  [["id", 3], ["LIMIT", 1]]
  ↳ app/controllers/cats_controller.rb:8
  Rendering cats/show.html.erb within layouts/application
  Rendered cats/show.html.erb within layouts/application (15.8ms)
Completed 200 OK in 53ms (Views: 50.9ms | ActiveRecord: 0.6ms)


Started GET "/cats/3" for ::1 at 2020-10-26 18:24:03 -0400
Processing by CatsController#show as HTML
  Parameters: {"id"=>"3"}
  [1m[36mCat Load (16.4ms)[0m  [1m[34mSELECT  "cats".* FROM "cats" WHERE "cats"."id" = $1 LIMIT $2[0m  [["id", 3], ["LIMIT", 1]]
  ↳ app/controllers/cats_controller.rb:8
  Rendering cats/show.html.erb within layouts/application
  Rendered cats/show.html.erb within layouts/application (10.3ms)
Completed 200 OK in 193ms (Views: 135.0ms | ActiveRecord: 16.4ms)


Started GET "/cats/3" for ::1 at 2020-10-26 18:24:57 -0400
Processing by CatsController#show as HTML
  Parameters: {"id"=>"3"}
  [1m[36mCat Load (2.4ms)[0m  [1m[34mSELECT  "cats".* FROM "cats" WHERE "cats"."id" = $1 LIMIT $2[0m  [["id", 3], ["LIMIT", 1]]
  ↳ app/controllers/cats_controller.rb:8
  Rendering cats/show.html.erb within layouts/application
  Rendered cats/show.html.erb within layouts/application (7.7ms)
Completed 200 OK in 171ms (Views: 142.1ms | ActiveRecord: 2.4ms)


Started GET "/cats/3" for ::1 at 2020-10-26 18:26:57 -0400
Processing by CatsController#show as HTML
  Parameters: {"id"=>"3"}
  [1m[36mCat Load (1.2ms)[0m  [1m[34mSELECT  "cats".* FROM "cats" WHERE "cats"."id" = $1 LIMIT $2[0m  [["id", 3], ["LIMIT", 1]]
  ↳ app/controllers/cats_controller.rb:8
  Rendering cats/show.html.erb within layouts/application
  Rendered cats/show.html.erb within layouts/application (159.7ms)
Completed 200 OK in 282ms (Views: 267.1ms | ActiveRecord: 1.2ms)


Started GET "/cats/3" for ::1 at 2020-10-26 18:27:29 -0400
Processing by CatsController#show as HTML
  Parameters: {"id"=>"3"}
  [1m[36mCat Load (0.5ms)[0m  [1m[34mSELECT  "cats".* FROM "cats" WHERE "cats"."id" = $1 LIMIT $2[0m  [["id", 3], ["LIMIT", 1]]
  ↳ app/controllers/cats_controller.rb:8
  Rendering cats/show.html.erb within layouts/application
  Rendered cats/show.html.erb within layouts/application (1.6ms)
Completed 200 OK in 41ms (Views: 39.0ms | ActiveRecord: 0.5ms)


Started GET "/cats/3" for ::1 at 2020-10-26 18:29:05 -0400
Processing by CatsController#show as HTML
  Parameters: {"id"=>"3"}
  [1m[36mCat Load (1.0ms)[0m  [1m[34mSELECT  "cats".* FROM "cats" WHERE "cats"."id" = $1 LIMIT $2[0m  [["id", 3], ["LIMIT", 1]]
  ↳ app/controllers/cats_controller.rb:8
  Rendering cats/show.html.erb within layouts/application
  Rendered cats/show.html.erb within layouts/application (6.8ms)
Completed 200 OK in 93ms (Views: 79.3ms | ActiveRecord: 1.0ms)


Started GET "/cats/3" for ::1 at 2020-10-26 18:30:03 -0400
Processing by CatsController#show as HTML
  Parameters: {"id"=>"3"}
  [1m[36mCat Load (0.9ms)[0m  [1m[34mSELECT  "cats".* FROM "cats" WHERE "cats"."id" = $1 LIMIT $2[0m  [["id", 3], ["LIMIT", 1]]
  ↳ app/controllers/cats_controller.rb:8
  Rendering cats/show.html.erb within layouts/application
  Rendered cats/show.html.erb within layouts/application (8.8ms)
Completed 200 OK in 121ms (Views: 105.7ms | ActiveRecord: 0.9ms)


Started GET "/cats/3" for ::1 at 2020-10-26 18:30:22 -0400
Processing by CatsController#show as HTML
  Parameters: {"id"=>"3"}
  [1m[36mCat Load (1.1ms)[0m  [1m[34mSELECT  "cats".* FROM "cats" WHERE "cats"."id" = $1 LIMIT $2[0m  [["id", 3], ["LIMIT", 1]]
  ↳ app/controllers/cats_controller.rb:8
  Rendering cats/show.html.erb within layouts/application
  Rendered cats/show.html.erb within layouts/application (8.4ms)
Completed 200 OK in 141ms (Views: 123.0ms | ActiveRecord: 1.1ms)


Started GET "/cats/3" for ::1 at 2020-10-26 18:30:40 -0400
Processing by CatsController#show as HTML
  Parameters: {"id"=>"3"}
  [1m[36mCat Load (0.5ms)[0m  [1m[34mSELECT  "cats".* FROM "cats" WHERE "cats"."id" = $1 LIMIT $2[0m  [["id", 3], ["LIMIT", 1]]
  ↳ app/controllers/cats_controller.rb:8
  Rendering cats/show.html.erb within layouts/application
  Rendered cats/show.html.erb within layouts/application (1.5ms)
Completed 200 OK in 98ms (Views: 95.2ms | ActiveRecord: 0.5ms)


Started GET "/cats/3" for ::1 at 2020-10-26 18:31:25 -0400
Processing by CatsController#show as HTML
  Parameters: {"id"=>"3"}
  [1m[36mCat Load (1.0ms)[0m  [1m[34mSELECT  "cats".* FROM "cats" WHERE "cats"."id" = $1 LIMIT $2[0m  [["id", 3], ["LIMIT", 1]]
  ↳ app/controllers/cats_controller.rb:8
  Rendering cats/show.html.erb within layouts/application
  Rendered cats/show.html.erb within layouts/application (10.1ms)
Completed 200 OK in 88ms (Views: 68.6ms | ActiveRecord: 1.0ms)


Started GET "/cats/new" for ::1 at 2020-10-26 18:52:49 -0400
  [1m[35m (1.6ms)[0m  [1m[34mSELECT "schema_migrations"."version" FROM "schema_migrations" ORDER BY "schema_migrations"."version" ASC[0m
  ↳ /Users/admin/.rbenv/versions/2.5.1/lib/ruby/gems/2.5.0/gems/activerecord-5.2.4.4/lib/active_record/log_subscriber.rb:98

SyntaxError - syntax error, unexpected end-of-input, expecting keyword_end:
  app/controllers/cats_controller.rb:25:in `'

Started POST "/__better_errors/86773c9efb5a79a9/variables" for ::1 at 2020-10-26 18:52:51 -0400
Started GET "/cats/new" for ::1 at 2020-10-26 18:53:05 -0400

SyntaxError - syntax error, unexpected end-of-input, expecting keyword_end:
  app/controllers/cats_controller.rb:25:in `'

Started POST "/__better_errors/19cce0c01e3fe5fd/variables" for ::1 at 2020-10-26 18:53:05 -0400
Started GET "/cats/new" for ::1 at 2020-10-26 18:53:17 -0400
Processing by CatsController#new as HTML
  Rendering cats/new.html.erb within layouts/application
  Rendered cats/new.html.erb within layouts/application (1.4ms)
Completed 200 OK in 280ms (Views: 274.6ms | ActiveRecord: 0.0ms)


Started GET "/cats/new" for ::1 at 2020-10-26 18:57:08 -0400
Processing by CatsController#new as HTML
  Rendering cats/new.html.erb within layouts/application
  Rendered cats/new.html.erb within layouts/application (4.3ms)
Completed 200 OK in 82ms (Views: 74.7ms | ActiveRecord: 0.0ms)


Started GET "/cats/new" for ::1 at 2020-10-26 18:57:42 -0400
Processing by CatsController#new as HTML
  Rendering cats/new.html.erb within layouts/application
  Rendered cats/new.html.erb within layouts/application (1.2ms)
Completed 200 OK in 50ms (Views: 49.0ms | ActiveRecord: 0.0ms)


Started GET "/cats/new" for ::1 at 2020-10-26 18:59:21 -0400
Processing by CatsController#new as HTML
  Rendering cats/new.html.erb within layouts/application
  Rendered cats/new.html.erb within layouts/application (2.6ms)
Completed 200 OK in 56ms (Views: 46.9ms | ActiveRecord: 0.0ms)


Started GET "/cats/new" for ::1 at 2020-10-26 18:59:30 -0400
Processing by CatsController#new as HTML
  Rendering cats/new.html.erb within layouts/application
  Rendered cats/new.html.erb within layouts/application (0.4ms)
Completed 200 OK in 27ms (Views: 26.2ms | ActiveRecord: 0.0ms)


Started GET "/cats/new" for ::1 at 2020-10-26 19:01:24 -0400
Processing by CatsController#new as HTML
  Rendering cats/new.html.erb within layouts/application
  Rendered cats/new.html.erb within layouts/application (2.5ms)
Completed 200 OK in 49ms (Views: 42.3ms | ActiveRecord: 0.0ms)


Started GET "/cats/new" for ::1 at 2020-10-26 19:02:18 -0400
Processing by CatsController#new as HTML
  Rendering cats/new.html.erb within layouts/application
  Rendered cats/new.html.erb within layouts/application (0.6ms)
Completed 200 OK in 67ms (Views: 66.7ms | ActiveRecord: 0.0ms)


Started GET "/cats/new" for ::1 at 2020-10-26 19:09:37 -0400
Processing by CatsController#new as HTML
  Rendering cats/new.html.erb within layouts/application
  Rendered cats/new.html.erb within layouts/application (3.1ms)
Completed 200 OK in 1242ms (Views: 1018.6ms | ActiveRecord: 0.0ms)


Started GET "/cats/new" for ::1 at 2020-10-26 19:10:08 -0400
Processing by CatsController#new as HTML
  Rendering cats/new.html.erb within layouts/application
  Rendered cats/new.html.erb within layouts/application (1.3ms)
Completed 200 OK in 246ms (Views: 245.5ms | ActiveRecord: 0.0ms)


Started GET "/cats/new" for ::1 at 2020-10-26 19:13:00 -0400
Processing by CatsController#new as HTML
  Rendering cats/new.html.erb within layouts/application
  Rendered cats/new.html.erb within layouts/application (2.6ms)
Completed 200 OK in 49ms (Views: 44.6ms | ActiveRecord: 0.0ms)


Started GET "/cats/new" for ::1 at 2020-10-26 19:13:40 -0400
Processing by CatsController#new as HTML
  Rendering cats/new.html.erb within layouts/application
  Rendered cats/new.html.erb within layouts/application (0.4ms)
Completed 200 OK in 20ms (Views: 19.2ms | ActiveRecord: 0.0ms)


Started GET "/cats/new" for ::1 at 2020-10-26 19:14:37 -0400
Processing by CatsController#new as HTML
  Rendering cats/new.html.erb within layouts/application
  Rendered cats/new.html.erb within layouts/application (1.6ms)
Completed 200 OK in 70ms (Views: 65.3ms | ActiveRecord: 0.0ms)


Started GET "/cats/new" for ::1 at 2020-10-26 19:15:49 -0400
Processing by CatsController#new as HTML
  Rendering cats/new.html.erb within layouts/application
  Rendered cats/new.html.erb within layouts/application (2.8ms)
Completed 200 OK in 117ms (Views: 109.9ms | ActiveRecord: 0.0ms)


Started GET "/cats/new" for ::1 at 2020-10-26 19:16:02 -0400
Processing by CatsController#new as HTML
  Rendering cats/new.html.erb within layouts/application
  Rendered cats/new.html.erb within layouts/application (0.5ms)
Completed 200 OK in 30ms (Views: 29.6ms | ActiveRecord: 0.0ms)


Started GET "/cats/new" for ::1 at 2020-10-26 19:16:25 -0400
Processing by CatsController#new as HTML
  Rendering cats/new.html.erb within layouts/application
  Rendered cats/new.html.erb within layouts/application (0.7ms)
Completed 200 OK in 20ms (Views: 18.6ms | ActiveRecord: 0.0ms)


Started GET "/cats/new" for ::1 at 2020-10-26 19:16:41 -0400
Processing by CatsController#new as HTML
  Rendering cats/new.html.erb within layouts/application
  Rendered cats/new.html.erb within layouts/application (4.1ms)
Completed 200 OK in 52ms (Views: 47.3ms | ActiveRecord: 0.0ms)


Started GET "/cats/new" for ::1 at 2020-10-26 19:16:48 -0400
Processing by CatsController#new as HTML
  Rendering cats/new.html.erb within layouts/application
  Rendered cats/new.html.erb within layouts/application (0.8ms)
Completed 200 OK in 14ms (Views: 13.0ms | ActiveRecord: 0.0ms)


Started GET "/cats/new" for ::1 at 2020-10-26 19:16:59 -0400
Processing by CatsController#new as HTML
  Rendering cats/new.html.erb within layouts/application
  Rendered cats/new.html.erb within layouts/application (0.4ms)
Completed 200 OK in 19ms (Views: 18.7ms | ActiveRecord: 0.0ms)


Started GET "/cats/new" for ::1 at 2020-10-26 19:17:32 -0400
Processing by CatsController#new as HTML
  Rendering cats/new.html.erb within layouts/application
  Rendered cats/new.html.erb within layouts/application (4.8ms)
Completed 200 OK in 182ms (Views: 178.0ms | ActiveRecord: 0.0ms)


Started GET "/cats/new" for ::1 at 2020-10-26 19:18:18 -0400
Processing by CatsController#new as HTML
  Rendering cats/new.html.erb within layouts/application
  Rendered cats/new.html.erb within layouts/application (5.2ms)
Completed 200 OK in 58ms (Views: 53.6ms | ActiveRecord: 0.0ms)


Started GET "/cats/new" for ::1 at 2020-10-26 19:18:27 -0400
Processing by CatsController#new as HTML
  Rendering cats/new.html.erb within layouts/application
  Rendered cats/new.html.erb within layouts/application (1.0ms)
Completed 200 OK in 50ms (Views: 49.2ms | ActiveRecord: 0.0ms)


Started GET "/cats/new" for ::1 at 2020-10-26 19:18:42 -0400
Processing by CatsController#new as HTML
  Rendering cats/new.html.erb within layouts/application
  Rendered cats/new.html.erb within layouts/application (0.8ms)
Completed 200 OK in 19ms (Views: 18.3ms | ActiveRecord: 0.0ms)


Started GET "/cats/new" for ::1 at 2020-10-26 19:20:57 -0400
Processing by CatsController#new as HTML
  Rendering cats/new.html.erb within layouts/application
  Rendered cats/new.html.erb within layouts/application (3.6ms)
Completed 200 OK in 54ms (Views: 48.3ms | ActiveRecord: 0.0ms)


Started GET "/cats/new" for ::1 at 2020-10-26 20:08:52 -0400
Processing by CatsController#new as HTML
  Rendering cats/new.html.erb within layouts/application
  Rendered cats/new.html.erb within layouts/application (4.0ms)
Completed 200 OK in 116ms (Views: 112.2ms | ActiveRecord: 0.0ms)


Started GET "/cats/new" for ::1 at 2020-10-26 20:31:45 -0400
Processing by CatsController#new as HTML
  Rendering cats/new.html.erb within layouts/application
  Rendered cats/new.html.erb within layouts/application (93.9ms)
Completed 200 OK in 320ms (Views: 316.1ms | ActiveRecord: 0.0ms)


Started GET "/cats/new" for ::1 at 2020-10-26 20:31:52 -0400
Processing by CatsController#new as HTML
  Rendering cats/new.html.erb within layouts/application
  Rendered cats/new.html.erb within layouts/application (35.9ms)
Completed 200 OK in 471ms (Views: 418.3ms | ActiveRecord: 0.0ms)


Started GET "/cats/new" for ::1 at 2020-10-26 20:31:57 -0400
Processing by CatsController#new as HTML
  Rendering cats/new.html.erb within layouts/application
  Rendered cats/new.html.erb within layouts/application (76.6ms)
Completed 200 OK in 247ms (Views: 245.9ms | ActiveRecord: 0.0ms)


Started GET "/cat/new" for ::1 at 2020-10-26 21:07:09 -0400
  [1m[35m (64.6ms)[0m  [1m[34mSELECT "schema_migrations"."version" FROM "schema_migrations" ORDER BY "schema_migrations"."version" ASC[0m
  ↳ /Users/admin/.rbenv/versions/2.5.1/lib/ruby/gems/2.5.0/gems/activerecord-5.2.4.4/lib/active_record/log_subscriber.rb:98
  
ActionController::RoutingError (No route matches [GET] "/cat/new"):
  
actionpack (5.2.4.4) lib/action_dispatch/middleware/debug_exceptions.rb:65:in `call'
web-console (3.7.0) lib/web_console/middleware.rb:135:in `call_app'
web-console (3.7.0) lib/web_console/middleware.rb:30:in `block in call'
web-console (3.7.0) lib/web_console/middleware.rb:20:in `catch'
web-console (3.7.0) lib/web_console/middleware.rb:20:in `call'
actionpack (5.2.4.4) lib/action_dispatch/middleware/show_exceptions.rb:33:in `call'
railties (5.2.4.4) lib/rails/rack/logger.rb:38:in `call_app'
railties (5.2.4.4) lib/rails/rack/logger.rb:26:in `block in call'
activesupport (5.2.4.4) lib/active_support/tagged_logging.rb:71:in `block in tagged'
activesupport (5.2.4.4) lib/active_support/tagged_logging.rb:28:in `tagged'
activesupport (5.2.4.4) lib/active_support/tagged_logging.rb:71:in `tagged'
railties (5.2.4.4) lib/rails/rack/logger.rb:26:in `call'
sprockets-rails (3.2.2) lib/sprockets/rails/quiet_assets.rb:13:in `call'
actionpack (5.2.4.4) lib/action_dispatch/middleware/remote_ip.rb:81:in `call'
actionpack (5.2.4.4) lib/action_dispatch/middleware/request_id.rb:27:in `call'
rack (2.2.3) lib/rack/method_override.rb:24:in `call'
rack (2.2.3) lib/rack/runtime.rb:22:in `call'
activesupport (5.2.4.4) lib/active_support/cache/strategy/local_cache_middleware.rb:29:in `call'
actionpack (5.2.4.4) lib/action_dispatch/middleware/executor.rb:14:in `call'
actionpack (5.2.4.4) lib/action_dispatch/middleware/static.rb:127:in `call'
rack (2.2.3) lib/rack/sendfile.rb:110:in `call'
railties (5.2.4.4) lib/rails/engine.rb:524:in `call'
puma (3.12.6) lib/puma/configuration.rb:227:in `call'
puma (3.12.6) lib/puma/server.rb:706:in `handle_request'
puma (3.12.6) lib/puma/server.rb:476:in `process_client'
puma (3.12.6) lib/puma/server.rb:334:in `block in run'
puma (3.12.6) lib/puma/thread_pool.rb:135:in `block in spawn_thread'
Started GET "/cats/new" for ::1 at 2020-10-26 21:07:27 -0400
Processing by CatsController#new as HTML
  Rendering cats/new.html.erb within layouts/application
  Rendered cats/new.html.erb within layouts/application (0.4ms)
Completed 200 OK in 425ms (Views: 424.2ms | ActiveRecord: 0.0ms)


Started GET "/cats/3/edit" for ::1 at 2020-10-26 21:11:46 -0400
Processing by CatsController#edit as HTML
  Parameters: {"id"=>"3"}
  [1m[36mCat Load (163.9ms)[0m  [1m[34mSELECT  "cats".* FROM "cats" WHERE "cats"."id" = $1 LIMIT $2[0m  [["id", 3], ["LIMIT", 1]]
  ↳ app/controllers/cats_controller.rb:32
  Rendering cats/edit.html.erb within layouts/application
  Rendered cats/edit.html.erb within layouts/application (292.6ms)
Completed 500 Internal Server Error in 859ms (ActiveRecord: 388.1ms)



NameError - undefined local variable or method `cat' for #<#<Class:0x00007fd7d1c2e150>:0x00007fd7d1c2c850>
Did you mean?  @cat:
  app/views/cats/edit.html.erb:1:in `_app_views_cats_edit_html_erb__1146280377718982487_70282421443700'
  app/controllers/cats_controller.rb:33:in `edit'

Started POST "/__better_errors/42a1c95265af3372/variables" for ::1 at 2020-10-26 21:11:48 -0400
Started POST "/__better_errors/42a1c95265af3372/eval" for ::1 at 2020-10-26 21:12:44 -0400
Started GET "/cats/3/edit" for ::1 at 2020-10-26 21:13:02 -0400
Processing by CatsController#edit as HTML
  Parameters: {"id"=>"3"}
  [1m[36mCat Load (0.7ms)[0m  [1m[34mSELECT  "cats".* FROM "cats" WHERE "cats"."id" = $1 LIMIT $2[0m  [["id", 3], ["LIMIT", 1]]
  ↳ app/controllers/cats_controller.rb:32
  Rendering cats/edit.html.erb within layouts/application
  Rendered cats/edit.html.erb within layouts/application (1.4ms)
Completed 200 OK in 338ms (Views: 198.7ms | ActiveRecord: 10.8ms)


Started GET "/cats/3/edit" for ::1 at 2020-10-26 21:13:50 -0400
Processing by CatsController#edit as HTML
  Parameters: {"id"=>"3"}
  [1m[36mCat Load (0.8ms)[0m  [1m[34mSELECT  "cats".* FROM "cats" WHERE "cats"."id" = $1 LIMIT $2[0m  [["id", 3], ["LIMIT", 1]]
  ↳ app/controllers/cats_controller.rb:32
  Rendering cats/edit.html.erb within layouts/application
  Rendered cats/edit.html.erb within layouts/application (0.8ms)
Completed 200 OK in 28ms (Views: 25.1ms | ActiveRecord: 0.8ms)


Started GET "/cats/3/edit" for ::1 at 2020-10-26 21:13:54 -0400
Processing by CatsController#edit as HTML
  Parameters: {"id"=>"3"}
  [1m[36mCat Load (1.0ms)[0m  [1m[34mSELECT  "cats".* FROM "cats" WHERE "cats"."id" = $1 LIMIT $2[0m  [["id", 3], ["LIMIT", 1]]
  ↳ app/controllers/cats_controller.rb:32
  Rendering cats/edit.html.erb within layouts/application
  Rendered cats/edit.html.erb within layouts/application (0.6ms)
Completed 200 OK in 16ms (Views: 12.4ms | ActiveRecord: 1.0ms)


Started GET "/cats/3/edit" for ::1 at 2020-10-26 21:16:53 -0400
  [1m[35m (21.6ms)[0m  [1m[34mSELECT "schema_migrations"."version" FROM "schema_migrations" ORDER BY "schema_migrations"."version" ASC[0m
  ↳ /Users/admin/.rbenv/versions/2.5.1/lib/ruby/gems/2.5.0/gems/activerecord-5.2.4.4/lib/active_record/log_subscriber.rb:98
Processing by CatsController#edit as HTML
  Parameters: {"id"=>"3"}
  [1m[36mCat Load (16.8ms)[0m  [1m[34mSELECT  "cats".* FROM "cats" WHERE "cats"."id" = $1 LIMIT $2[0m  [["id", 3], ["LIMIT", 1]]
  ↳ app/controllers/cats_controller.rb:32
  Rendering cats/edit.html.erb within layouts/application
  Rendered cats/edit.html.erb within layouts/application (15.8ms)
Completed 200 OK in 391ms (Views: 265.3ms | ActiveRecord: 28.6ms)


Started GET "/cats/3/edit" for ::1 at 2020-10-26 21:17:16 -0400
Processing by CatsController#edit as HTML
  Parameters: {"id"=>"3"}
  [1m[36mCat Load (0.7ms)[0m  [1m[34mSELECT  "cats".* FROM "cats" WHERE "cats"."id" = $1 LIMIT $2[0m  [["id", 3], ["LIMIT", 1]]
  ↳ app/controllers/cats_controller.rb:32
  Rendering cats/edit.html.erb within layouts/application
  Rendered cats/edit.html.erb within layouts/application (0.9ms)
Completed 200 OK in 34ms (Views: 31.5ms | ActiveRecord: 0.7ms)


Started GET "/cats/3/edit" for ::1 at 2020-10-26 21:17:47 -0400
Processing by CatsController#edit as HTML
  Parameters: {"id"=>"3"}
  [1m[36mCat Load (0.7ms)[0m  [1m[34mSELECT  "cats".* FROM "cats" WHERE "cats"."id" = $1 LIMIT $2[0m  [["id", 3], ["LIMIT", 1]]
  ↳ app/controllers/cats_controller.rb:32
  Rendering cats/edit.html.erb within layouts/application
  Rendered cats/edit.html.erb within layouts/application (0.9ms)
Completed 200 OK in 64ms (Views: 62.0ms | ActiveRecord: 0.7ms)


Started GET "/cats/3/edit" for ::1 at 2020-10-26 21:18:31 -0400
Processing by CatsController#edit as HTML
  Parameters: {"id"=>"3"}
  [1m[36mCat Load (0.7ms)[0m  [1m[34mSELECT  "cats".* FROM "cats" WHERE "cats"."id" = $1 LIMIT $2[0m  [["id", 3], ["LIMIT", 1]]
  ↳ app/controllers/cats_controller.rb:32
  Rendering cats/edit.html.erb within layouts/application
  Rendered cats/edit.html.erb within layouts/application (0.6ms)
Completed 200 OK in 28ms (Views: 24.7ms | ActiveRecord: 0.7ms)


Started GET "/cats/3/edit" for ::1 at 2020-10-26 21:19:01 -0400
Processing by CatsController#edit as HTML
  Parameters: {"id"=>"3"}
  [1m[36mCat Load (0.7ms)[0m  [1m[34mSELECT  "cats".* FROM "cats" WHERE "cats"."id" = $1 LIMIT $2[0m  [["id", 3], ["LIMIT", 1]]
  ↳ app/controllers/cats_controller.rb:32
  Rendering cats/edit.html.erb within layouts/application
  Rendered cats/edit.html.erb within layouts/application (0.6ms)
Completed 200 OK in 29ms (Views: 27.3ms | ActiveRecord: 0.7ms)


Started GET "/cats/3/edit" for ::1 at 2020-10-26 21:23:41 -0400
Processing by CatsController#edit as HTML
  Parameters: {"id"=>"3"}
  [1m[36mCat Load (1.2ms)[0m  [1m[34mSELECT  "cats".* FROM "cats" WHERE "cats"."id" = $1 LIMIT $2[0m  [["id", 3], ["LIMIT", 1]]
  ↳ app/controllers/cats_controller.rb:32
  Rendering cats/edit.html.erb within layouts/application
  Rendered cats/edit.html.erb within layouts/application (116.0ms)
Completed 500 Internal Server Error in 157ms (ActiveRecord: 1.2ms)



NameError - uninitialized constant Cat::CAT_COLOR:
  app/views/cats/edit.html.erb:22:in `_app_views_cats_edit_html_erb__1226633904869098010_70111517007020'
  app/controllers/cats_controller.rb:33:in `edit'

Started POST "/__better_errors/8b29abcf74068850/variables" for ::1 at 2020-10-26 21:23:41 -0400
Started GET "/cats/3/edit" for ::1 at 2020-10-26 21:23:59 -0400
Processing by CatsController#edit as HTML
  Parameters: {"id"=>"3"}
  [1m[36mCat Load (0.3ms)[0m  [1m[34mSELECT  "cats".* FROM "cats" WHERE "cats"."id" = $1 LIMIT $2[0m  [["id", 3], ["LIMIT", 1]]
  ↳ app/controllers/cats_controller.rb:32
  Rendering cats/edit.html.erb within layouts/application
  Rendered cats/edit.html.erb within layouts/application (1.2ms)
Completed 200 OK in 152ms (Views: 116.6ms | ActiveRecord: 12.9ms)


Started GET "/cats/3/edit" for ::1 at 2020-10-26 21:28:47 -0400
Processing by CatsController#edit as HTML
  Parameters: {"id"=>"3"}
  [1m[36mCat Load (0.6ms)[0m  [1m[34mSELECT  "cats".* FROM "cats" WHERE "cats"."id" = $1 LIMIT $2[0m  [["id", 3], ["LIMIT", 1]]
  ↳ app/controllers/cats_controller.rb:32
  Rendering cats/edit.html.erb within layouts/application
  Rendered cats/edit.html.erb within layouts/application (1.3ms)
Completed 200 OK in 99ms (Views: 95.1ms | ActiveRecord: 0.6ms)


Started GET "/cats/3/edit" for ::1 at 2020-10-26 21:29:51 -0400
Processing by CatsController#edit as HTML
  Parameters: {"id"=>"3"}
  [1m[36mCat Load (0.3ms)[0m  [1m[34mSELECT  "cats".* FROM "cats" WHERE "cats"."id" = $1 LIMIT $2[0m  [["id", 3], ["LIMIT", 1]]
  ↳ app/controllers/cats_controller.rb:32
  Rendering cats/edit.html.erb within layouts/application
  Rendered cats/edit.html.erb within layouts/application (1.8ms)
Completed 200 OK in 35ms (Views: 33.4ms | ActiveRecord: 0.3ms)


Started GET "/cats/3/edit" for ::1 at 2020-10-26 21:31:20 -0400
Processing by CatsController#edit as HTML
  Parameters: {"id"=>"3"}
  [1m[36mCat Load (0.9ms)[0m  [1m[34mSELECT  "cats".* FROM "cats" WHERE "cats"."id" = $1 LIMIT $2[0m  [["id", 3], ["LIMIT", 1]]
  ↳ app/controllers/cats_controller.rb:32
  Rendering cats/edit.html.erb within layouts/application
  Rendered cats/edit.html.erb within layouts/application (1.0ms)
Completed 200 OK in 52ms (Views: 43.0ms | ActiveRecord: 0.9ms)


Started GET "/cats/3/edit" for ::1 at 2020-10-26 21:32:52 -0400
Processing by CatsController#edit as HTML
  Parameters: {"id"=>"3"}
  [1m[36mCat Load (0.5ms)[0m  [1m[34mSELECT  "cats".* FROM "cats" WHERE "cats"."id" = $1 LIMIT $2[0m  [["id", 3], ["LIMIT", 1]]
  ↳ app/controllers/cats_controller.rb:32
  Rendering cats/edit.html.erb within layouts/application
  Rendered cats/edit.html.erb within layouts/application (2.4ms)
Completed 200 OK in 39ms (Views: 35.6ms | ActiveRecord: 0.5ms)


Started GET "/cats/3/edit" for ::1 at 2020-10-26 21:34:10 -0400
Processing by CatsController#edit as HTML
  Parameters: {"id"=>"3"}
  [1m[36mCat Load (0.4ms)[0m  [1m[34mSELECT  "cats".* FROM "cats" WHERE "cats"."id" = $1 LIMIT $2[0m  [["id", 3], ["LIMIT", 1]]
  ↳ app/controllers/cats_controller.rb:32
  Rendering cats/edit.html.erb within layouts/application
  Rendered cats/edit.html.erb within layouts/application (27.4ms)
Completed 200 OK in 82ms (Views: 77.9ms | ActiveRecord: 0.4ms)


Started GET "/cats/3/edit" for ::1 at 2020-10-26 21:35:00 -0400
Processing by CatsController#edit as HTML
  Parameters: {"id"=>"3"}
  [1m[36mCat Load (0.5ms)[0m  [1m[34mSELECT  "cats".* FROM "cats" WHERE "cats"."id" = $1 LIMIT $2[0m  [["id", 3], ["LIMIT", 1]]
  ↳ app/controllers/cats_controller.rb:32
  Rendering cats/edit.html.erb within layouts/application
  Rendered cats/edit.html.erb within layouts/application (3.6ms)
Completed 200 OK in 540ms (Views: 537.1ms | ActiveRecord: 0.5ms)


Started GET "/cats/3/edit" for ::1 at 2020-10-26 21:35:14 -0400
Processing by CatsController#edit as HTML
  Parameters: {"id"=>"3"}
  [1m[36mCat Load (0.4ms)[0m  [1m[34mSELECT  "cats".* FROM "cats" WHERE "cats"."id" = $1 LIMIT $2[0m  [["id", 3], ["LIMIT", 1]]
  ↳ app/controllers/cats_controller.rb:32
  Rendering cats/edit.html.erb within layouts/application
  Rendered cats/edit.html.erb within layouts/application (1.8ms)
Completed 200 OK in 35ms (Views: 31.8ms | ActiveRecord: 0.4ms)


Started GET "/cats/3/edit" for ::1 at 2020-10-26 21:35:22 -0400
Processing by CatsController#edit as HTML
  Parameters: {"id"=>"3"}
  [1m[36mCat Load (0.3ms)[0m  [1m[34mSELECT  "cats".* FROM "cats" WHERE "cats"."id" = $1 LIMIT $2[0m  [["id", 3], ["LIMIT", 1]]
  ↳ app/controllers/cats_controller.rb:32
  Rendering cats/edit.html.erb within layouts/application
  Rendered cats/edit.html.erb within layouts/application (2.6ms)
Completed 200 OK in 24ms (Views: 21.2ms | ActiveRecord: 0.3ms)


Started GET "/cats/3/edit" for ::1 at 2020-10-26 21:48:57 -0400
  [1m[35m (2.3ms)[0m  [1m[34mSELECT "schema_migrations"."version" FROM "schema_migrations" ORDER BY "schema_migrations"."version" ASC[0m
  ↳ /Users/admin/.rbenv/versions/2.5.1/lib/ruby/gems/2.5.0/gems/activerecord-5.2.4.4/lib/active_record/log_subscriber.rb:98
Processing by CatsController#edit as HTML
  Parameters: {"id"=>"3"}
  [1m[36mCat Load (18.8ms)[0m  [1m[34mSELECT  "cats".* FROM "cats" WHERE "cats"."id" = $1 LIMIT $2[0m  [["id", 3], ["LIMIT", 1]]
  ↳ app/controllers/cats_controller.rb:32
  Rendering cats/edit.html.erb within layouts/application
  Rendered cats/_form.html.erb (21.2ms)
  Rendered cats/edit.html.erb within layouts/application (43.1ms)
Completed 200 OK in 631ms (Views: 456.7ms | ActiveRecord: 28.7ms)


Started GET "/cats/3/edit" for ::1 at 2020-10-26 22:03:20 -0400
Processing by CatsController#edit as HTML
  Parameters: {"id"=>"3"}
  [1m[36mCat Load (0.8ms)[0m  [1m[34mSELECT  "cats".* FROM "cats" WHERE "cats"."id" = $1 LIMIT $2[0m  [["id", 3], ["LIMIT", 1]]
  ↳ app/controllers/cats_controller.rb:33
  Rendering cats/edit.html.erb within layouts/application
  Rendered cats/_form.html.erb (1.2ms)
  Rendered cats/edit.html.erb within layouts/application (14.5ms)
Completed 200 OK in 171ms (Views: 105.4ms | ActiveRecord: 13.0ms)


Started GET "/cats/new" for ::1 at 2020-10-26 22:03:28 -0400
Processing by CatsController#new as HTML
  Rendering cats/new.html.erb within layouts/application
  Rendered cats/_form.html.erb (1.0ms)
  Rendered cats/new.html.erb within layouts/application (26.1ms)
Completed 200 OK in 264ms (Views: 263.6ms | ActiveRecord: 0.0ms)


Started GET "/cats/new" for ::1 at 2020-10-26 22:05:31 -0400
Processing by CatsController#new as HTML
  Rendering cats/new.html.erb within layouts/application
  Rendered cats/_form.html.erb (1.2ms)
  Rendered cats/new.html.erb within layouts/application (5.6ms)
Completed 200 OK in 53ms (Views: 51.5ms | ActiveRecord: 0.0ms)


Started GET "/cats/new" for ::1 at 2020-10-26 22:05:46 -0400
Processing by CatsController#new as HTML
  Rendering cats/new.html.erb within layouts/application
  Rendered cats/_form.html.erb (1.5ms)
  Rendered cats/new.html.erb within layouts/application (8.9ms)
Completed 200 OK in 149ms (Views: 148.2ms | ActiveRecord: 0.0ms)


Started GET "/cats/3/edit" for ::1 at 2020-10-26 22:05:53 -0400
Processing by CatsController#edit as HTML
  Parameters: {"id"=>"3"}
  [1m[36mCat Load (0.9ms)[0m  [1m[34mSELECT  "cats".* FROM "cats" WHERE "cats"."id" = $1 LIMIT $2[0m  [["id", 3], ["LIMIT", 1]]
  ↳ app/controllers/cats_controller.rb:33
  Rendering cats/edit.html.erb within layouts/application
  Rendered cats/_form.html.erb (1.1ms)
  Rendered cats/edit.html.erb within layouts/application (4.3ms)
Completed 200 OK in 81ms (Views: 78.2ms | ActiveRecord: 0.9ms)


Started GET "/cats/3/edit" for ::1 at 2020-10-26 22:06:53 -0400
Processing by CatsController#edit as HTML
  Parameters: {"id"=>"3"}
  [1m[36mCat Load (0.6ms)[0m  [1m[34mSELECT  "cats".* FROM "cats" WHERE "cats"."id" = $1 LIMIT $2[0m  [["id", 3], ["LIMIT", 1]]
  ↳ app/controllers/cats_controller.rb:33
  Rendering cats/edit.html.erb within layouts/application
  Rendered cats/_form.html.erb (1.6ms)
  Rendered cats/edit.html.erb within layouts/application (15.6ms)
Completed 500 Internal Server Error in 107ms (ActiveRecord: 0.6ms)



SyntaxError - syntax error, unexpected ')', expecting keyword_then or ';' or '\n'
...            if action == :new );@output_buffer.safe_append='
...                              ^
/Users/admin/Desktop/Current Projects/App_Academy_Projects/Ninety_Nine_Cats_Rails/app/views/cats/_form.html.erb:32: syntax error, unexpected keyword_end, expecting ')'
'.freeze;     end 
              ^~~
/Users/admin/Desktop/Current Projects/App_Academy_Projects/Ninety_Nine_Cats_Rails/app/views/cats/_form.html.erb:47: syntax error, unexpected keyword_ensure, expecting ')'
          ensure
          ^~~~~~
/Users/admin/Desktop/Current Projects/App_Academy_Projects/Ninety_Nine_Cats_Rails/app/views/cats/_form.html.erb:49: syntax error, unexpected keyword_end, expecting ')'
          end
          ^~~:
  app/views/cats/_form.html.erb:26:in `'
  app/views/cats/edit.html.erb:3:in `_app_views_cats_edit_html_erb___3039919377735205118_70199726087820'
  app/controllers/cats_controller.rb:34:in `edit'

Started POST "/__better_errors/982d6d30cdb953d4/variables" for ::1 at 2020-10-26 22:06:54 -0400
Started GET "/cats/3/edit" for ::1 at 2020-10-26 22:08:07 -0400
Processing by CatsController#edit as HTML
  Parameters: {"id"=>"3"}
  [1m[36mCat Load (0.4ms)[0m  [1m[34mSELECT  "cats".* FROM "cats" WHERE "cats"."id" = $1 LIMIT $2[0m  [["id", 3], ["LIMIT", 1]]
  ↳ app/controllers/cats_controller.rb:33
  Rendering cats/edit.html.erb within layouts/application
  Rendered cats/_form.html.erb (1.2ms)
  Rendered cats/edit.html.erb within layouts/application (6.3ms)
Completed 200 OK in 36ms (Views: 33.9ms | ActiveRecord: 0.4ms)


Started GET "/cats/new" for ::1 at 2020-10-26 22:08:13 -0400
Processing by CatsController#new as HTML
  Rendering cats/new.html.erb within layouts/application
  Rendered cats/_form.html.erb (0.8ms)
  Rendered cats/new.html.erb within layouts/application (4.1ms)
Completed 200 OK in 42ms (Views: 40.8ms | ActiveRecord: 0.0ms)


Started GET "/cats/new" for ::1 at 2020-10-26 22:11:05 -0400
  [1m[35m (62.6ms)[0m  [1m[34mSELECT "schema_migrations"."version" FROM "schema_migrations" ORDER BY "schema_migrations"."version" ASC[0m
  ↳ /Users/admin/.rbenv/versions/2.5.1/lib/ruby/gems/2.5.0/gems/activerecord-5.2.4.4/lib/active_record/log_subscriber.rb:98
Processing by CatsController#new as HTML
  Rendering cats/new.html.erb within layouts/application
  Rendered cats/_form.html.erb (3.0ms)
  Rendered cats/new.html.erb within layouts/application (131.0ms)
Completed 200 OK in 1181ms (Views: 814.1ms | ActiveRecord: 72.2ms)


