  [1m[35m (6914.0ms)[0m  [1m[35mCREATE DATABASE "Reach_Your_Goals_development" ENCODING = 'unicode'[0m
  ↳ bin/rails:9
  [1m[35m (399.5ms)[0m  [1m[35mCREATE DATABASE "Reach_Your_Goals_test" ENCODING = 'unicode'[0m
  ↳ bin/rails:9
  [1m[35m (158.0ms)[0m  [1m[35mCREATE TABLE "schema_migrations" ("version" character varying NOT NULL PRIMARY KEY)[0m
  ↳ bin/rails:9
  [1m[35m (7.8ms)[0m  [1m[35mCREATE TABLE "ar_internal_metadata" ("key" character varying NOT NULL PRIMARY KEY, "value" character varying, "created_at" timestamp NOT NULL, "updated_at" timestamp NOT NULL)[0m
  ↳ bin/rails:9
  [1m[35m (20.7ms)[0m  [1m[34mSELECT pg_try_advisory_lock(667583076948274935)[0m
  ↳ bin/rails:9
  [1m[35m (1.3ms)[0m  [1m[34mSELECT "schema_migrations"."version" FROM "schema_migrations" ORDER BY "schema_migrations"."version" ASC[0m
  ↳ bin/rails:9
Migrating to CreateUsers (20201123154011)
  [1m[35m (0.4ms)[0m  [1m[35mBEGIN[0m
  ↳ bin/rails:9
  [1m[35m (14.9ms)[0m  [1m[35mCREATE TABLE "users" ("id" bigserial primary key, "username" character varying NOT NULL, "password_digest" character varying NOT NULL, "session_token" character varying NOT NULL, "created_at" timestamp NOT NULL, "updated_at" timestamp NOT NULL)[0m
  ↳ db/migrate/20201123154011_create_users.rb:3
  [1m[35m (29.0ms)[0m  [1m[35mCREATE UNIQUE INDEX  "index_users_on_name" ON "users"  ("name")[0m
  ↳ db/migrate/20201123154011_create_users.rb:11
  [1m[35m (0.3ms)[0m  [1m[31mROLLBACK[0m
  ↳ bin/rails:9
  [1m[35m (0.4ms)[0m  [1m[34mSELECT pg_advisory_unlock(667583076948274935)[0m
  ↳ bin/rails:9
  [1m[35m (0.5ms)[0m  [1m[34mSELECT pg_try_advisory_lock(667583076948274935)[0m
  ↳ bin/rails:9
  [1m[35m (1.4ms)[0m  [1m[34mSELECT "schema_migrations"."version" FROM "schema_migrations" ORDER BY "schema_migrations"."version" ASC[0m
  ↳ bin/rails:9
Migrating to CreateUsers (20201123154011)
  [1m[35m (0.2ms)[0m  [1m[35mBEGIN[0m
  ↳ bin/rails:9
  [1m[35m (7.8ms)[0m  [1m[35mCREATE TABLE "users" ("id" bigserial primary key, "username" character varying NOT NULL, "password_digest" character varying NOT NULL, "session_token" character varying NOT NULL, "created_at" timestamp NOT NULL, "updated_at" timestamp NOT NULL)[0m
  ↳ db/migrate/20201123154011_create_users.rb:3
  [1m[35m (1.4ms)[0m  [1m[35mCREATE UNIQUE INDEX  "index_users_on_username" ON "users"  ("username")[0m
  ↳ db/migrate/20201123154011_create_users.rb:11
  [1m[35m (1.3ms)[0m  [1m[35mCREATE UNIQUE INDEX  "index_users_on_session_token" ON "users"  ("session_token")[0m
  ↳ db/migrate/20201123154011_create_users.rb:12
  [1m[36mActiveRecord::SchemaMigration Create (110.5ms)[0m  [1m[32mINSERT INTO "schema_migrations" ("version") VALUES ($1) RETURNING "version"[0m  [["version", "20201123154011"]]
  ↳ bin/rails:9
  [1m[35m (1.4ms)[0m  [1m[35mCOMMIT[0m
  ↳ bin/rails:9
  [1m[36mActiveRecord::InternalMetadata Load (41.5ms)[0m  [1m[34mSELECT  "ar_internal_metadata".* FROM "ar_internal_metadata" WHERE "ar_internal_metadata"."key" = $1 LIMIT $2[0m  [["key", "environment"], ["LIMIT", 1]]
  ↳ bin/rails:9
  [1m[35m (0.3ms)[0m  [1m[35mBEGIN[0m
  ↳ bin/rails:9
  [1m[36mActiveRecord::InternalMetadata Create (9.7ms)[0m  [1m[32mINSERT INTO "ar_internal_metadata" ("key", "value", "created_at", "updated_at") VALUES ($1, $2, $3, $4) RETURNING "key"[0m  [["key", "environment"], ["value", "development"], ["created_at", "2020-11-23 15:58:12.389150"], ["updated_at", "2020-11-23 15:58:12.389150"]]
  ↳ bin/rails:9
  [1m[35m (20.1ms)[0m  [1m[35mCOMMIT[0m
  ↳ bin/rails:9
  [1m[35m (0.8ms)[0m  [1m[34mSELECT pg_advisory_unlock(667583076948274935)[0m
  ↳ bin/rails:9
  [1m[35m (0.6ms)[0m  [1m[34mSELECT "schema_migrations"."version" FROM "schema_migrations" ORDER BY "schema_migrations"."version" ASC[0m
  ↳ bin/rails:9
Started GET "/users/new" for ::1 at 2020-11-24 13:24:52 -0500
Started GET "/users/new" for ::1 at 2020-11-24 13:24:52 -0500
  [1m[35m (189.1ms)[0m  [1m[34mSELECT "schema_migrations"."version" FROM "schema_migrations" ORDER BY "schema_migrations"."version" ASC[0m
  [1m[35m (188.8ms)[0m  [1m[34mSELECT "schema_migrations"."version" FROM "schema_migrations" ORDER BY "schema_migrations"."version" ASC[0m
  ↳ /Users/admin/.rbenv/versions/2.5.1/lib/ruby/gems/2.5.0/gems/activerecord-5.2.4.4/lib/active_record/log_subscriber.rb:98
  ↳ /Users/admin/.rbenv/versions/2.5.1/lib/ruby/gems/2.5.0/gems/activerecord-5.2.4.4/lib/active_record/log_subscriber.rb:98
Processing by UsersController#new as HTML
Processing by UsersController#new as HTML
  Rendering users/new.html.erb within layouts/application
  Rendering users/new.html.erb within layouts/application
  Rendered shared/_errors.html.erb (0.6ms)
  Rendered shared/_errors.html.erb (0.2ms)
  Rendered users/new.html.erb within layouts/application (694.3ms)
  Rendered users/new.html.erb within layouts/application (485.9ms)
Completed 500 Internal Server Error in 2126ms (ActiveRecord: 1237.7ms)


Completed 500 Internal Server Error in 2201ms (ActiveRecord: 0.0ms)



ActionController::UrlGenerationError - No route matches {:action=>"show", :controller=>"users"}, missing required keys: [:id]:
  app/views/users/new.html.erb:4:in `_app_views_users_new_html_erb___1785025472811724136_70226824983860'
  app/controllers/users_controller.rb:5:in `new'


ActionController::UrlGenerationError - No route matches {:action=>"show", :controller=>"users"}, missing required keys: [:id]:
  app/views/users/new.html.erb:4:in `_app_views_users_new_html_erb___1785025472811724136_70226824983860'
  app/controllers/users_controller.rb:5:in `new'

Started POST "/__better_errors/0253789687d76e91/variables" for ::1 at 2020-11-24 13:24:57 -0500
Started GET "/users/new" for ::1 at 2020-11-24 13:25:18 -0500
Processing by UsersController#new as HTML
  Rendering users/new.html.erb within layouts/application
  Rendered shared/_errors.html.erb (0.7ms)
  Rendered users/new.html.erb within layouts/application (56.5ms)
Completed 200 OK in 5088ms (Views: 5086.8ms | ActiveRecord: 0.0ms)


Started GET "/users/new" for ::1 at 2020-11-24 13:25:48 -0500
Processing by UsersController#new as HTML
  Rendering users/new.html.erb within layouts/application
  Rendered users/new.html.erb within layouts/application (2.5ms)
Completed 200 OK in 2284ms (Views: 2282.1ms | ActiveRecord: 0.0ms)


Started GET "/users/new" for ::1 at 2020-11-24 13:26:06 -0500
Processing by UsersController#new as HTML
  Rendering users/new.html.erb within layouts/application
  Rendered users/new.html.erb within layouts/application (0.7ms)
Completed 200 OK in 34ms (Views: 32.9ms | ActiveRecord: 0.0ms)


Started POST "/users" for ::1 at 2020-11-24 13:26:26 -0500
Processing by UsersController#create as HTML
  Parameters: {"form_authenticity_token"=>"zVbct4oISqbfYuHIR8lYOWnk0gICAc86EbcQ7pQMaMnaECXom3fyaXCwKdnGzv1dxciMCsYz7WW4oqGDz1c1bQ==", "user"=>{"username"=>"Skylar ", "password"=>"[FILTERED]"}}
Can't verify CSRF token authenticity.
Completed 422 Unprocessable Entity in 1ms (ActiveRecord: 0.0ms)



ActionController::InvalidAuthenticityToken - ActionController::InvalidAuthenticityToken:

Started POST "/__better_errors/c07f28b44a2b6138/variables" for ::1 at 2020-11-24 13:26:26 -0500
Started POST "/users" for ::1 at 2020-11-24 13:27:00 -0500
Processing by UsersController#create as HTML
  Parameters: {"form_authenticity_token"=>"zVbct4oISqbfYuHIR8lYOWnk0gICAc86EbcQ7pQMaMnaECXom3fyaXCwKdnGzv1dxciMCsYz7WW4oqGDz1c1bQ==", "user"=>{"username"=>"Skylar ", "password"=>"[FILTERED]"}}
Can't verify CSRF token authenticity.
Completed 422 Unprocessable Entity in 2ms (ActiveRecord: 0.0ms)



ActionController::InvalidAuthenticityToken - ActionController::InvalidAuthenticityToken:

Started POST "/__better_errors/1938a82f0ccf6c4c/variables" for ::1 at 2020-11-24 13:27:01 -0500
Started POST "/users" for ::1 at 2020-11-24 13:30:33 -0500
Processing by UsersController#create as HTML
  Parameters: {"form_authenticity_token"=>"zVbct4oISqbfYuHIR8lYOWnk0gICAc86EbcQ7pQMaMnaECXom3fyaXCwKdnGzv1dxciMCsYz7WW4oqGDz1c1bQ==", "user"=>{"username"=>"Skylar ", "password"=>"[FILTERED]"}}
Can't verify CSRF token authenticity.
Completed 422 Unprocessable Entity in 6ms (ActiveRecord: 0.0ms)



ActionController::InvalidAuthenticityToken - ActionController::InvalidAuthenticityToken:

Started POST "/__better_errors/53fdcf58caddfd38/variables" for ::1 at 2020-11-24 13:30:34 -0500
Started POST "/users" for ::1 at 2020-11-24 13:35:05 -0500
  [1m[35m (1.1ms)[0m  [1m[34mSELECT "schema_migrations"."version" FROM "schema_migrations" ORDER BY "schema_migrations"."version" ASC[0m
  ↳ /Users/admin/.rbenv/versions/2.5.1/lib/ruby/gems/2.5.0/gems/activerecord-5.2.4.4/lib/active_record/log_subscriber.rb:98
Processing by UsersController#create as HTML
  Parameters: {"form_authenticity_token"=>"zVbct4oISqbfYuHIR8lYOWnk0gICAc86EbcQ7pQMaMnaECXom3fyaXCwKdnGzv1dxciMCsYz7WW4oqGDz1c1bQ==", "user"=>{"username"=>"Skylar ", "password"=>"[FILTERED]"}}
Can't verify CSRF token authenticity.
Completed 422 Unprocessable Entity in 1ms (ActiveRecord: 0.0ms)



ActionController::InvalidAuthenticityToken - ActionController::InvalidAuthenticityToken:

Started POST "/__better_errors/aa0fc287706adee3/variables" for ::1 at 2020-11-24 13:35:06 -0500
Started GET "/users/new" for ::1 at 2020-11-24 13:36:09 -0500
Processing by UsersController#new as HTML
  Rendering users/new.html.erb within layouts/application
  Rendered shared/_errors.html.erb (0.5ms)
  Rendered users/new.html.erb within layouts/application (13.4ms)
Completed 200 OK in 892ms (Views: 860.8ms | ActiveRecord: 10.0ms)


Started POST "/users" for ::1 at 2020-11-24 13:36:17 -0500
Processing by UsersController#create as HTML
  Parameters: {"authenticity_token"=>"MKRoKgsWkBhUEYwB75UgBPxPOxhxTVLT42tDWYFcD/0n4pF1Gmko1/vDRBBukoVgUGNlELV/cIxKfvI02gdSWQ==", "user"=>{"username"=>"BigBoyAnimal", "password"=>"[FILTERED]"}}
  [1m[35m (0.2ms)[0m  [1m[35mBEGIN[0m
  ↳ app/controllers/users_controller.rb:11
  [1m[36mUser Exists (89.2ms)[0m  [1m[34mSELECT  1 AS one FROM "users" WHERE "users"."session_token" = $1 LIMIT $2[0m  [["session_token", "TngaaPVRIJF-3dR7qWCMow"], ["LIMIT", 1]]
  ↳ app/controllers/users_controller.rb:11
  [1m[36mUser Exists (1.0ms)[0m  [1m[34mSELECT  1 AS one FROM "users" WHERE "users"."username" = $1 LIMIT $2[0m  [["username", "BigBoyAnimal"], ["LIMIT", 1]]
  ↳ app/controllers/users_controller.rb:11
  [1m[35m (0.4ms)[0m  [1m[31mROLLBACK[0m
  ↳ app/controllers/users_controller.rb:11
  Rendering users/new.html.erb within layouts/application
  Rendered shared/_errors.html.erb (0.6ms)
  Rendered users/new.html.erb within layouts/application (17.1ms)
Completed 200 OK in 1819ms (Views: 124.6ms | ActiveRecord: 90.7ms)


Started POST "/users" for ::1 at 2020-11-24 13:37:01 -0500
Processing by UsersController#create as HTML
  Parameters: {"authenticity_token"=>"MKRoKgsWkBhUEYwB75UgBPxPOxhxTVLT42tDWYFcD/0n4pF1Gmko1/vDRBBukoVgUGNlELV/cIxKfvI02gdSWQ==", "user"=>{"username"=>"BigBoyAnimal", "password"=>"[FILTERED]"}}
  [1m[35m (0.2ms)[0m  [1m[35mBEGIN[0m
  ↳ app/controllers/users_controller.rb:11
  [1m[36mUser Exists (0.5ms)[0m  [1m[34mSELECT  1 AS one FROM "users" WHERE "users"."session_token" = $1 LIMIT $2[0m  [["session_token", "vD3MF7_C1udqN5vNRsKHeQ"], ["LIMIT", 1]]
  ↳ app/controllers/users_controller.rb:11
  [1m[36mUser Exists (0.3ms)[0m  [1m[34mSELECT  1 AS one FROM "users" WHERE "users"."username" = $1 LIMIT $2[0m  [["username", "BigBoyAnimal"], ["LIMIT", 1]]
  ↳ app/controllers/users_controller.rb:11
  [1m[35m (0.2ms)[0m  [1m[31mROLLBACK[0m
  ↳ app/controllers/users_controller.rb:11
  Rendering users/new.html.erb within layouts/application
  Rendered shared/_errors.html.erb (42.8ms)
  Rendered users/new.html.erb within layouts/application (47.7ms)
Completed 500 Internal Server Error in 427ms (ActiveRecord: 1.2ms)



NoMethodError - undefined method `error' for ["errors", ["Password is too short (minimum is 6 characters)"]]:Array:
  app/views/shared/_errors.html.erb:4:in `block in _app_views_shared__errors_html_erb___629654504303984069_70205277332060'
  app/views/shared/_errors.html.erb:2:in `_app_views_shared__errors_html_erb___629654504303984069_70205277332060'
  app/views/users/new.html.erb:2:in `_app_views_users_new_html_erb__489964036013226408_70205271461800'
  app/controllers/users_controller.rb:15:in `create'

Started POST "/__better_errors/9be3a4a629ba9eef/variables" for ::1 at 2020-11-24 13:37:01 -0500
Started POST "/users" for ::1 at 2020-11-24 13:38:23 -0500
Processing by UsersController#create as HTML
  Parameters: {"authenticity_token"=>"MKRoKgsWkBhUEYwB75UgBPxPOxhxTVLT42tDWYFcD/0n4pF1Gmko1/vDRBBukoVgUGNlELV/cIxKfvI02gdSWQ==", "user"=>{"username"=>"BigBoyAnimal", "password"=>"[FILTERED]"}}
  [1m[35m (0.2ms)[0m  [1m[35mBEGIN[0m
  ↳ app/controllers/users_controller.rb:11
  [1m[36mUser Exists (0.5ms)[0m  [1m[34mSELECT  1 AS one FROM "users" WHERE "users"."session_token" = $1 LIMIT $2[0m  [["session_token", "CVYcN0ISvPNhceHUdYy-Mw"], ["LIMIT", 1]]
  ↳ app/controllers/users_controller.rb:11
  [1m[36mUser Exists (0.8ms)[0m  [1m[34mSELECT  1 AS one FROM "users" WHERE "users"."username" = $1 LIMIT $2[0m  [["username", "BigBoyAnimal"], ["LIMIT", 1]]
  ↳ app/controllers/users_controller.rb:11
  [1m[35m (0.3ms)[0m  [1m[31mROLLBACK[0m
  ↳ app/controllers/users_controller.rb:11
  Rendering users/new.html.erb within layouts/application
  Rendered shared/_errors.html.erb (0.7ms)
  Rendered users/new.html.erb within layouts/application (5.2ms)
Completed 200 OK in 545ms (Views: 203.3ms | ActiveRecord: 1.8ms)


Started POST "/users" for ::1 at 2020-11-24 13:44:40 -0500
Processing by UsersController#create as HTML
  Parameters: {"authenticity_token"=>"HnyNZYg7SH9Gq9sTrS9VWUBBRbbP9Pa4y4W76uivGUEJOnQ6mUTwsOl5EwIsKPA97G0bvgvG1OdikAqHs/RE5Q==", "user"=>{"username"=>"BigBoyAnimal", "password"=>"[FILTERED]"}}
  [1m[35m (0.2ms)[0m  [1m[35mBEGIN[0m
  ↳ app/controllers/users_controller.rb:11
  [1m[36mUser Exists (1.6ms)[0m  [1m[34mSELECT  1 AS one FROM "users" WHERE "users"."session_token" = $1 LIMIT $2[0m  [["session_token", "4SQ1nwidEN-T_2oQS6NN6A"], ["LIMIT", 1]]
  ↳ app/controllers/users_controller.rb:11
  [1m[36mUser Exists (1.6ms)[0m  [1m[34mSELECT  1 AS one FROM "users" WHERE "users"."username" = $1 LIMIT $2[0m  [["username", "BigBoyAnimal"], ["LIMIT", 1]]
  ↳ app/controllers/users_controller.rb:11
  [1m[35m (0.4ms)[0m  [1m[31mROLLBACK[0m
  ↳ app/controllers/users_controller.rb:11
  Rendering users/new.html.erb within layouts/application
  Rendered shared/_errors.html.erb (0.7ms)
  Rendered users/new.html.erb within layouts/application (28.6ms)
Completed 200 OK in 1268ms (Views: 784.6ms | ActiveRecord: 19.0ms)


Started POST "/users" for ::1 at 2020-11-24 13:45:09 -0500
Processing by UsersController#create as HTML
  Parameters: {"authenticity_token"=>"K8OdmbzQg/p4BJ9LK05zSP+yAyRf+X27ByMri2ke3uI8hWTGra87NdfWV1qqSdYsU55dLJvLX+SuNprmMkWDRg==", "user"=>{"username"=>"", "password"=>"[FILTERED]"}}
  [1m[35m (0.2ms)[0m  [1m[35mBEGIN[0m
  ↳ app/controllers/users_controller.rb:11
  [1m[36mUser Exists (0.5ms)[0m  [1m[34mSELECT  1 AS one FROM "users" WHERE "users"."session_token" = $1 LIMIT $2[0m  [["session_token", "Uxp18RXmbY9o7WX0v-JHOg"], ["LIMIT", 1]]
  ↳ app/controllers/users_controller.rb:11
  [1m[36mUser Exists (0.5ms)[0m  [1m[34mSELECT  1 AS one FROM "users" WHERE "users"."username" = $1 LIMIT $2[0m  [["username", ""], ["LIMIT", 1]]
  ↳ app/controllers/users_controller.rb:11
  [1m[35m (0.3ms)[0m  [1m[31mROLLBACK[0m
  ↳ app/controllers/users_controller.rb:11
  Rendering users/new.html.erb within layouts/application
  Rendered shared/_errors.html.erb (1.0ms)
  Rendered users/new.html.erb within layouts/application (62.0ms)
Completed 200 OK in 946ms (Views: 561.1ms | ActiveRecord: 9.9ms)


Started POST "/users" for ::1 at 2020-11-24 13:47:44 -0500
Processing by UsersController#create as HTML
  Parameters: {"authenticity_token"=>"sWTufWOv6jROjArjpCEs/v3CUXar7XnquPYpxpct+hOmIhcictBS++FewvIlJomaUe4Pfm/fW7UR45irzHantw==", "user"=>{"username"=>"", "password"=>"[FILTERED]"}}
  [1m[35m (0.2ms)[0m  [1m[35mBEGIN[0m
  ↳ app/controllers/users_controller.rb:11
  [1m[36mUser Exists (0.7ms)[0m  [1m[34mSELECT  1 AS one FROM "users" WHERE "users"."session_token" = $1 LIMIT $2[0m  [["session_token", "X61jhaPabe1zWABtFb_9zA"], ["LIMIT", 1]]
  ↳ app/controllers/users_controller.rb:11
  [1m[36mUser Exists (0.4ms)[0m  [1m[34mSELECT  1 AS one FROM "users" WHERE "users"."username" = $1 LIMIT $2[0m  [["username", ""], ["LIMIT", 1]]
  ↳ app/controllers/users_controller.rb:11
  [1m[35m (0.4ms)[0m  [1m[31mROLLBACK[0m
  ↳ app/controllers/users_controller.rb:11
  Rendering users/new.html.erb within layouts/application
  Rendered shared/_errors.html.erb (1.9ms)
  Rendered users/new.html.erb within layouts/application (17.0ms)
Completed 200 OK in 701ms (Views: 295.2ms | ActiveRecord: 16.6ms)


Started GET "/users" for ::1 at 2020-11-24 13:47:58 -0500
  
ActionController::RoutingError (No route matches [GET] "/users"):
  
actionpack (5.2.4.4) lib/action_dispatch/middleware/debug_exceptions.rb:65:in `call'
web-console (3.7.0) lib/web_console/middleware.rb:135:in `call_app'
web-console (3.7.0) lib/web_console/middleware.rb:30:in `block in call'
web-console (3.7.0) lib/web_console/middleware.rb:20:in `catch'
web-console (3.7.0) lib/web_console/middleware.rb:20:in `call'
actionpack (5.2.4.4) lib/action_dispatch/middleware/show_exceptions.rb:33:in `call'
railties (5.2.4.4) lib/rails/rack/logger.rb:38:in `call_app'
railties (5.2.4.4) lib/rails/rack/logger.rb:26:in `block in call'
activesupport (5.2.4.4) lib/active_support/tagged_logging.rb:71:in `block in tagged'
activesupport (5.2.4.4) lib/active_support/tagged_logging.rb:28:in `tagged'
activesupport (5.2.4.4) lib/active_support/tagged_logging.rb:71:in `tagged'
railties (5.2.4.4) lib/rails/rack/logger.rb:26:in `call'
sprockets-rails (3.2.2) lib/sprockets/rails/quiet_assets.rb:13:in `call'
actionpack (5.2.4.4) lib/action_dispatch/middleware/remote_ip.rb:81:in `call'
actionpack (5.2.4.4) lib/action_dispatch/middleware/request_id.rb:27:in `call'
rack (2.2.3) lib/rack/method_override.rb:24:in `call'
rack (2.2.3) lib/rack/runtime.rb:22:in `call'
activesupport (5.2.4.4) lib/active_support/cache/strategy/local_cache_middleware.rb:29:in `call'
actionpack (5.2.4.4) lib/action_dispatch/middleware/executor.rb:14:in `call'
actionpack (5.2.4.4) lib/action_dispatch/middleware/static.rb:127:in `call'
rack (2.2.3) lib/rack/sendfile.rb:110:in `call'
railties (5.2.4.4) lib/rails/engine.rb:524:in `call'
puma (3.12.6) lib/puma/configuration.rb:227:in `call'
puma (3.12.6) lib/puma/server.rb:706:in `handle_request'
puma (3.12.6) lib/puma/server.rb:476:in `process_client'
puma (3.12.6) lib/puma/server.rb:334:in `block in run'
puma (3.12.6) lib/puma/thread_pool.rb:135:in `block in spawn_thread'
Started GET "/users/new" for ::1 at 2020-11-24 13:48:06 -0500
Processing by UsersController#new as HTML
  Rendering users/new.html.erb within layouts/application
  Rendered shared/_errors.html.erb (0.6ms)
  Rendered users/new.html.erb within layouts/application (51.3ms)
Completed 200 OK in 700ms (Views: 673.3ms | ActiveRecord: 8.4ms)


Started POST "/users" for ::1 at 2020-11-24 13:48:10 -0500
Processing by UsersController#create as HTML
  Parameters: {"authenticity_token"=>"hBAsL7wv6woQJcWO29NXIBf3/K8j090UerCPAR0d/oeTVtVwrVBTxb/3DZ9a1PJEu9uip+fh/0vTpT5sRkajIw==", "user"=>{"username"=>"BigBoyAnimal", "password"=>"[FILTERED]"}}
  [1m[35m (0.2ms)[0m  [1m[35mBEGIN[0m
  ↳ app/controllers/users_controller.rb:11
  [1m[36mUser Exists (0.5ms)[0m  [1m[34mSELECT  1 AS one FROM "users" WHERE "users"."session_token" = $1 LIMIT $2[0m  [["session_token", "7M0cra696iZ-fiCc-JrLww"], ["LIMIT", 1]]
  ↳ app/controllers/users_controller.rb:11
  [1m[36mUser Exists (0.4ms)[0m  [1m[34mSELECT  1 AS one FROM "users" WHERE "users"."username" = $1 LIMIT $2[0m  [["username", "BigBoyAnimal"], ["LIMIT", 1]]
  ↳ app/controllers/users_controller.rb:11
  [1m[35m (0.2ms)[0m  [1m[31mROLLBACK[0m
  ↳ app/controllers/users_controller.rb:11
  Rendering users/new.html.erb within layouts/application
  Rendered shared/_errors.html.erb (0.6ms)
  Rendered users/new.html.erb within layouts/application (5.0ms)
Completed 200 OK in 395ms (Views: 50.2ms | ActiveRecord: 1.4ms)


Started POST "/users" for ::1 at 2020-11-24 13:48:25 -0500
Processing by UsersController#create as HTML
  Parameters: {"authenticity_token"=>"oW81MjKOlaScuc23S3KMBIJsN/vkGAkWEzAIki1SeDe2KcxtI/EtazNrBabKdSlgLkBp8yAqK0m6Jbn/dgklkw==", "user"=>{"username"=>"BigBoyAnimal", "password"=>"[FILTERED]"}}
  [1m[35m (0.2ms)[0m  [1m[35mBEGIN[0m
  ↳ app/controllers/users_controller.rb:11
  [1m[36mUser Exists (0.5ms)[0m  [1m[34mSELECT  1 AS one FROM "users" WHERE "users"."session_token" = $1 LIMIT $2[0m  [["session_token", "LgVMuRx3RQxf114xo8r5FQ"], ["LIMIT", 1]]
  ↳ app/controllers/users_controller.rb:11
  [1m[36mUser Exists (0.4ms)[0m  [1m[34mSELECT  1 AS one FROM "users" WHERE "users"."username" = $1 LIMIT $2[0m  [["username", "BigBoyAnimal"], ["LIMIT", 1]]
  ↳ app/controllers/users_controller.rb:11
  [1m[35m (0.3ms)[0m  [1m[31mROLLBACK[0m
  ↳ app/controllers/users_controller.rb:11
  Rendering users/new.html.erb within layouts/application
  Rendered shared/_errors.html.erb (0.6ms)
  Rendered users/new.html.erb within layouts/application (16.3ms)
Completed 200 OK in 464ms (Views: 73.0ms | ActiveRecord: 10.0ms)


Started POST "/users" for ::1 at 2020-11-24 13:49:00 -0500
Processing by UsersController#create as HTML
  Parameters: {"authenticity_token"=>"7tSFugZ14REFHhxyefDEKfKd1zQrJEw5xgj7kbVQZsX5knzlFwpZ3qrM1GP492FNXrGJPO8WbmZvHUr87gs7YQ==", "user"=>{"username"=>"BigBoyAnimal", "password"=>"[FILTERED]"}}
  [1m[35m (0.2ms)[0m  [1m[35mBEGIN[0m
  ↳ app/controllers/users_controller.rb:11
  [1m[36mUser Exists (0.5ms)[0m  [1m[34mSELECT  1 AS one FROM "users" WHERE "users"."session_token" = $1 LIMIT $2[0m  [["session_token", "sDSBkdxUDfYtBr91KXfwqA"], ["LIMIT", 1]]
  ↳ app/controllers/users_controller.rb:11
  [1m[36mUser Exists (0.5ms)[0m  [1m[34mSELECT  1 AS one FROM "users" WHERE "users"."username" = $1 LIMIT $2[0m  [["username", "BigBoyAnimal"], ["LIMIT", 1]]
  ↳ app/controllers/users_controller.rb:11
  [1m[35m (0.3ms)[0m  [1m[31mROLLBACK[0m
  ↳ app/controllers/users_controller.rb:11
  Rendering users/new.html.erb within layouts/application
  Rendered shared/_errors.html.erb (0.5ms)
  Rendered users/new.html.erb within layouts/application (39.9ms)
Completed 200 OK in 793ms (Views: 398.4ms | ActiveRecord: 8.9ms)


Started POST "/users" for ::1 at 2020-11-24 16:32:37 -0500
  [1m[35m (15.9ms)[0m  [1m[34mSELECT "schema_migrations"."version" FROM "schema_migrations" ORDER BY "schema_migrations"."version" ASC[0m
  ↳ /Users/admin/.rbenv/versions/2.5.1/lib/ruby/gems/2.5.0/gems/activerecord-5.2.4.4/lib/active_record/log_subscriber.rb:98
Processing by UsersController#create as HTML
  Parameters: {"authenticity_token"=>"klSPg3UyzrWec/XbcSEBRUAzsh1h0cAHhU0wYYNnWgiFEnbcZE12ejGhPcrwJqQh7B/sFaXj4lgsWIEM2DwHrA==", "user"=>{"username"=>"testuser", "password"=>"[FILTERED]"}}
  [1m[35m (0.2ms)[0m  [1m[35mBEGIN[0m
  ↳ app/controllers/users_controller.rb:11
  [1m[36mUser Exists (232.2ms)[0m  [1m[34mSELECT  1 AS one FROM "users" WHERE "users"."session_token" = $1 LIMIT $2[0m  [["session_token", "rGbjfuv5-rFy71qx-SlFig"], ["LIMIT", 1]]
  ↳ app/controllers/users_controller.rb:11
  [1m[36mUser Exists (0.9ms)[0m  [1m[34mSELECT  1 AS one FROM "users" WHERE "users"."username" = $1 LIMIT $2[0m  [["username", "testuser"], ["LIMIT", 1]]
  ↳ app/controllers/users_controller.rb:11
  [1m[36mUser Create (413.3ms)[0m  [1m[32mINSERT INTO "users" ("username", "password_digest", "session_token", "created_at", "updated_at") VALUES ($1, $2, $3, $4, $5) RETURNING "id"[0m  [["username", "testuser"], ["password_digest", "$2a$12$JkusXZKADBjLwBt3bHleiOlR.SYey.9YdIfNXYz4VjiLyOT23hSh2"], ["session_token", "rGbjfuv5-rFy71qx-SlFig"], ["created_at", "2020-11-24 21:32:41.103097"], ["updated_at", "2020-11-24 21:32:41.103097"]]
  ↳ app/controllers/users_controller.rb:11
  [1m[35m (181.7ms)[0m  [1m[35mCOMMIT[0m
  ↳ app/controllers/users_controller.rb:11
Completed 500 Internal Server Error in 1478ms (ActiveRecord: 860.9ms)



RuntimeError - :
  app/controllers/users_controller.rb:12:in `create'

Started POST "/__better_errors/61278bef33bfcf71/variables" for ::1 at 2020-11-24 16:32:41 -0500
Started POST "/__better_errors/61278bef33bfcf71/eval" for ::1 at 2020-11-24 16:32:46 -0500
Started POST "/__better_errors/61278bef33bfcf71/eval" for ::1 at 2020-11-24 16:32:50 -0500
Started POST "/__better_errors/61278bef33bfcf71/eval" for ::1 at 2020-11-24 16:33:36 -0500
Started GET "/users" for ::1 at 2020-11-24 16:33:57 -0500
  
ActionController::RoutingError (No route matches [GET] "/users"):
  
actionpack (5.2.4.4) lib/action_dispatch/middleware/debug_exceptions.rb:65:in `call'
web-console (3.7.0) lib/web_console/middleware.rb:135:in `call_app'
web-console (3.7.0) lib/web_console/middleware.rb:30:in `block in call'
web-console (3.7.0) lib/web_console/middleware.rb:20:in `catch'
web-console (3.7.0) lib/web_console/middleware.rb:20:in `call'
actionpack (5.2.4.4) lib/action_dispatch/middleware/show_exceptions.rb:33:in `call'
railties (5.2.4.4) lib/rails/rack/logger.rb:38:in `call_app'
railties (5.2.4.4) lib/rails/rack/logger.rb:26:in `block in call'
activesupport (5.2.4.4) lib/active_support/tagged_logging.rb:71:in `block in tagged'
activesupport (5.2.4.4) lib/active_support/tagged_logging.rb:28:in `tagged'
activesupport (5.2.4.4) lib/active_support/tagged_logging.rb:71:in `tagged'
railties (5.2.4.4) lib/rails/rack/logger.rb:26:in `call'
sprockets-rails (3.2.2) lib/sprockets/rails/quiet_assets.rb:13:in `call'
actionpack (5.2.4.4) lib/action_dispatch/middleware/remote_ip.rb:81:in `call'
actionpack (5.2.4.4) lib/action_dispatch/middleware/request_id.rb:27:in `call'
rack (2.2.3) lib/rack/method_override.rb:24:in `call'
rack (2.2.3) lib/rack/runtime.rb:22:in `call'
activesupport (5.2.4.4) lib/active_support/cache/strategy/local_cache_middleware.rb:29:in `call'
actionpack (5.2.4.4) lib/action_dispatch/middleware/executor.rb:14:in `call'
actionpack (5.2.4.4) lib/action_dispatch/middleware/static.rb:127:in `call'
rack (2.2.3) lib/rack/sendfile.rb:110:in `call'
railties (5.2.4.4) lib/rails/engine.rb:524:in `call'
puma (3.12.6) lib/puma/configuration.rb:227:in `call'
puma (3.12.6) lib/puma/server.rb:706:in `handle_request'
puma (3.12.6) lib/puma/server.rb:476:in `process_client'
puma (3.12.6) lib/puma/server.rb:334:in `block in run'
puma (3.12.6) lib/puma/thread_pool.rb:135:in `block in spawn_thread'
Started GET "/users/new" for ::1 at 2020-11-24 16:34:05 -0500
Processing by UsersController#new as HTML
  Rendering users/new.html.erb within layouts/application
  Rendered shared/_errors.html.erb (0.8ms)
  Rendered users/new.html.erb within layouts/application (23.7ms)
Completed 500 Internal Server Error in 1385ms (ActiveRecord: 11.1ms)



NoMethodError - undefined method `username' for nil:NilClass:
  app/views/layouts/application.html.erb:14:in `_app_views_layouts_application_html_erb__3801972455895662727_70355312530360'
  app/controllers/users_controller.rb:5:in `new'

Started POST "/__better_errors/f38184397de15e20/variables" for ::1 at 2020-11-24 16:34:06 -0500
Started GET "/users/new" for ::1 at 2020-11-24 16:35:14 -0500
Processing by UsersController#new as HTML
  Rendering users/new.html.erb within layouts/application
  Rendered shared/_errors.html.erb (1.1ms)
  Rendered users/new.html.erb within layouts/application (16.2ms)
Completed 200 OK in 157ms (Views: 154.9ms | ActiveRecord: 0.0ms)


Started POST "/users" for ::1 at 2020-11-24 16:35:24 -0500
Processing by UsersController#create as HTML
  Parameters: {"authenticity_token"=>"j7yEq1rVuzHKwf14YVwKCNviopy5aXnk5d2K0kjOgkeY+n30S6oD/mUTNWngW69sd878lH1bW7tMyDu/E5Xf4w==", "user"=>{"username"=>"testuser2 ", "password"=>"[FILTERED]"}}
  [1m[35m (0.4ms)[0m  [1m[35mBEGIN[0m
  ↳ app/controllers/users_controller.rb:11
  [1m[36mUser Exists (94.0ms)[0m  [1m[34mSELECT  1 AS one FROM "users" WHERE "users"."session_token" = $1 LIMIT $2[0m  [["session_token", "35XmXSjQ8cB7zfquHzasYA"], ["LIMIT", 1]]
  ↳ app/controllers/users_controller.rb:11
  [1m[36mUser Exists (0.8ms)[0m  [1m[34mSELECT  1 AS one FROM "users" WHERE "users"."username" = $1 LIMIT $2[0m  [["username", "testuser2 "], ["LIMIT", 1]]
  ↳ app/controllers/users_controller.rb:11
  [1m[36mUser Create (0.8ms)[0m  [1m[32mINSERT INTO "users" ("username", "password_digest", "session_token", "created_at", "updated_at") VALUES ($1, $2, $3, $4, $5) RETURNING "id"[0m  [["username", "testuser2 "], ["password_digest", "$2a$12$qUNP0tCva0DcHCj1Mkg3iuEb.1JNFGRGPNRx/LR//NoWRin8Q1Gim"], ["session_token", "35XmXSjQ8cB7zfquHzasYA"], ["created_at", "2020-11-24 21:35:25.311992"], ["updated_at", "2020-11-24 21:35:25.311992"]]
  ↳ app/controllers/users_controller.rb:11
  [1m[35m (0.7ms)[0m  [1m[35mCOMMIT[0m
  ↳ app/controllers/users_controller.rb:11
Completed 500 Internal Server Error in 870ms (ActiveRecord: 96.6ms)



NameError - undefined local variable or method `session_token' for #<UsersController:0x00007ff9be8b0578>
Did you mean?  session:
  app/controllers/application_controller.rb:12:in `login_user!'
  app/controllers/users_controller.rb:12:in `create'

Started POST "/__better_errors/580f3de73c10064a/variables" for ::1 at 2020-11-24 16:35:26 -0500
Started POST "/__better_errors/580f3de73c10064a/eval" for ::1 at 2020-11-24 16:35:31 -0500
Started GET "/users/new" for ::1 at 2020-11-24 16:36:13 -0500
Processing by UsersController#new as HTML
  Rendering users/new.html.erb within layouts/application
  Rendered shared/_errors.html.erb (0.5ms)
  Rendered users/new.html.erb within layouts/application (15.4ms)
Completed 200 OK in 217ms (Views: 186.1ms | ActiveRecord: 8.7ms)


Started POST "/users" for ::1 at 2020-11-24 16:36:21 -0500
Processing by UsersController#create as HTML
  Parameters: {"authenticity_token"=>"RwDFQLi2dk5aJdb9l3viOQJueADuMQYte2Uuhm2Q2/9QRjwfqcnOgfX3HuwWfEddrkImCCoDJHLScJ/rNsuGWw==", "user"=>{"username"=>"testuser3", "password"=>"[FILTERED]"}}
  [1m[35m (0.2ms)[0m  [1m[35mBEGIN[0m
  ↳ app/controllers/users_controller.rb:11
  [1m[36mUser Exists (0.8ms)[0m  [1m[34mSELECT  1 AS one FROM "users" WHERE "users"."session_token" = $1 LIMIT $2[0m  [["session_token", "0fo-do10DXee-n25-9IQSA"], ["LIMIT", 1]]
  ↳ app/controllers/users_controller.rb:11
  [1m[36mUser Exists (0.5ms)[0m  [1m[34mSELECT  1 AS one FROM "users" WHERE "users"."username" = $1 LIMIT $2[0m  [["username", "testuser3"], ["LIMIT", 1]]
  ↳ app/controllers/users_controller.rb:11
  [1m[36mUser Create (0.6ms)[0m  [1m[32mINSERT INTO "users" ("username", "password_digest", "session_token", "created_at", "updated_at") VALUES ($1, $2, $3, $4, $5) RETURNING "id"[0m  [["username", "testuser3"], ["password_digest", "$2a$12$mUZGjo9GxlGx8/ExnbAtOe2Oawzv4RbSs94Oi2xmnBEj5eFiIbJYG"], ["session_token", "0fo-do10DXee-n25-9IQSA"], ["created_at", "2020-11-24 21:36:21.418312"], ["updated_at", "2020-11-24 21:36:21.418312"]]
  ↳ app/controllers/users_controller.rb:11
  [1m[35m (0.6ms)[0m  [1m[35mCOMMIT[0m
  ↳ app/controllers/users_controller.rb:11
  [1m[35m (0.2ms)[0m  [1m[35mBEGIN[0m
  ↳ app/models/user.rb:31
  [1m[36mUser Exists (55.3ms)[0m  [1m[34mSELECT  1 AS one FROM "users" WHERE "users"."session_token" = $1 AND "users"."id" != $2 LIMIT $3[0m  [["session_token", "PqdTZO0LR7i4TTGixDM1xA"], ["id", 3], ["LIMIT", 1]]
  ↳ app/models/user.rb:31
  [1m[36mUser Exists (1.5ms)[0m  [1m[34mSELECT  1 AS one FROM "users" WHERE "users"."username" = $1 AND "users"."id" != $2 LIMIT $3[0m  [["username", "testuser3"], ["id", 3], ["LIMIT", 1]]
  ↳ app/models/user.rb:31
  [1m[36mUser Update (78.6ms)[0m  [1m[33mUPDATE "users" SET "session_token" = $1, "updated_at" = $2 WHERE "users"."id" = $3[0m  [["session_token", "PqdTZO0LR7i4TTGixDM1xA"], ["updated_at", "2020-11-24 21:36:21.494410"], ["id", 3]]
  ↳ app/models/user.rb:31
  [1m[35m (1.0ms)[0m  [1m[35mCOMMIT[0m
  ↳ app/models/user.rb:31
Completed 500 Internal Server Error in 477ms (ActiveRecord: 139.2ms)



RuntimeError - :
  app/controllers/users_controller.rb:13:in `create'

Started POST "/__better_errors/47b99e22f2ee72fb/variables" for ::1 at 2020-11-24 16:36:21 -0500
Started POST "/__better_errors/47b99e22f2ee72fb/eval" for ::1 at 2020-11-24 16:36:25 -0500
  [1m[36mUser Load (6.6ms)[0m  [1m[34mSELECT  "users".* FROM "users" WHERE "users"."session_token" = $1 LIMIT $2[0m  [["session_token", "PqdTZO0LR7i4TTGixDM1xA"], ["LIMIT", 1]]
  ↳ app/controllers/application_controller.rb:8
  [1m[36mUser Load (1.5ms)[0m  [1m[34mSELECT  "users".* FROM "users" WHERE "users"."username" = $1 LIMIT $2[0m  [["username", "newuser"], ["LIMIT", 1]]
  [1m[36mUser Load (1.1ms)[0m  [1m[34mSELECT  "users".* FROM "users" WHERE "users"."username" = $1 LIMIT $2[0m  [["username", "newuser"], ["LIMIT", 1]]
Started GET "/users/new" for ::1 at 2020-11-24 17:39:35 -0500
  [1m[35m (2.1ms)[0m  [1m[34mSELECT "schema_migrations"."version" FROM "schema_migrations" ORDER BY "schema_migrations"."version" ASC[0m
  ↳ /Users/admin/.rbenv/versions/2.5.1/lib/ruby/gems/2.5.0/gems/activerecord-5.2.4.4/lib/active_record/log_subscriber.rb:98
Processing by UsersController#new as HTML
  Rendering users/new.html.erb within layouts/application
  Rendered shared/_errors.html.erb (0.6ms)
  Rendered users/new.html.erb within layouts/application (16.4ms)
Completed 200 OK in 439ms (Views: 368.3ms | ActiveRecord: 37.8ms)


Started POST "/users" for ::1 at 2020-11-24 17:39:45 -0500
Processing by UsersController#create as HTML
  Parameters: {"authenticity_token"=>"tn+JCYua2dYUGVlYMjwXZ7y4ZLBPK1ig3JiH+iNcr06hOXBWmuVhGbvLkUmzO7IDEJQ6uIsZev91jTaXeAfy6g==", "user"=>{"username"=>"testuser", "password"=>"[FILTERED]"}}
  [1m[35m (0.2ms)[0m  [1m[35mBEGIN[0m
  ↳ app/controllers/users_controller.rb:12
  [1m[36mUser Exists (92.7ms)[0m  [1m[34mSELECT  1 AS one FROM "users" WHERE "users"."session_token" = $1 LIMIT $2[0m  [["session_token", "jlUXvxnQCNg802mQlFkB4Q"], ["LIMIT", 1]]
  ↳ app/controllers/users_controller.rb:12
  [1m[36mUser Exists (12.7ms)[0m  [1m[34mSELECT  1 AS one FROM "users" WHERE "users"."username" = $1 LIMIT $2[0m  [["username", "testuser"], ["LIMIT", 1]]
  ↳ app/controllers/users_controller.rb:12
  [1m[35m (0.6ms)[0m  [1m[31mROLLBACK[0m
  ↳ app/controllers/users_controller.rb:12
  Rendering users/new.html.erb within layouts/application
  Rendered shared/_errors.html.erb (1.1ms)
  Rendered users/new.html.erb within layouts/application (38.9ms)
Completed 200 OK in 4696ms (Views: 244.2ms | ActiveRecord: 106.1ms)


Started POST "/users" for ::1 at 2020-11-24 17:39:57 -0500
Processing by UsersController#create as HTML
  Parameters: {"authenticity_token"=>"LuVhIYPpYBYTbiPiSgqzJ9svVJoVCTsWdkXIzShcBr05o5h+kpbY2by86/PLDRZDdwMKktE7GUnfUHmgcwdbGQ==", "user"=>{"username"=>"biggertest", "password"=>"[FILTERED]"}}
  [1m[35m (0.2ms)[0m  [1m[35mBEGIN[0m
  ↳ app/controllers/users_controller.rb:12
  [1m[36mUser Exists (0.6ms)[0m  [1m[34mSELECT  1 AS one FROM "users" WHERE "users"."session_token" = $1 LIMIT $2[0m  [["session_token", "hffN9GnAWakQpoPA5Hu6Yg"], ["LIMIT", 1]]
  ↳ app/controllers/users_controller.rb:12
  [1m[36mUser Exists (0.3ms)[0m  [1m[34mSELECT  1 AS one FROM "users" WHERE "users"."username" = $1 LIMIT $2[0m  [["username", "biggertest"], ["LIMIT", 1]]
  ↳ app/controllers/users_controller.rb:12
  [1m[36mUser Create (0.8ms)[0m  [1m[32mINSERT INTO "users" ("username", "password_digest", "session_token", "created_at", "updated_at") VALUES ($1, $2, $3, $4, $5) RETURNING "id"[0m  [["username", "biggertest"], ["password_digest", "$2a$12$w1cgtvwJ883YzQTZllHxperjmffLw0wKpU9SOeoHdW5clUHjrIHzS"], ["session_token", "hffN9GnAWakQpoPA5Hu6Yg"], ["created_at", "2020-11-24 22:39:57.358207"], ["updated_at", "2020-11-24 22:39:57.358207"]]
  ↳ app/controllers/users_controller.rb:12
  [1m[35m (28.0ms)[0m  [1m[35mCOMMIT[0m
  ↳ app/controllers/users_controller.rb:12
  [1m[35m (0.2ms)[0m  [1m[35mBEGIN[0m
  ↳ app/models/user.rb:31
  [1m[36mUser Exists (0.6ms)[0m  [1m[34mSELECT  1 AS one FROM "users" WHERE "users"."session_token" = $1 AND "users"."id" != $2 LIMIT $3[0m  [["session_token", "qQ3POnVx_61QmlOqS88UQg"], ["id", 4], ["LIMIT", 1]]
  ↳ app/models/user.rb:31
  [1m[36mUser Exists (0.4ms)[0m  [1m[34mSELECT  1 AS one FROM "users" WHERE "users"."username" = $1 AND "users"."id" != $2 LIMIT $3[0m  [["username", "biggertest"], ["id", 4], ["LIMIT", 1]]
  ↳ app/models/user.rb:31
  [1m[36mUser Update (0.7ms)[0m  [1m[33mUPDATE "users" SET "session_token" = $1, "updated_at" = $2 WHERE "users"."id" = $3[0m  [["session_token", "qQ3POnVx_61QmlOqS88UQg"], ["updated_at", "2020-11-24 22:39:57.391644"], ["id", 4]]
  ↳ app/models/user.rb:31
  [1m[35m (0.6ms)[0m  [1m[35mCOMMIT[0m
  ↳ app/models/user.rb:31
Redirected to http://localhost:3000/users/4
Completed 302 Found in 383ms (ActiveRecord: 32.3ms)


Started GET "/users/4" for ::1 at 2020-11-24 17:39:57 -0500
Processing by UsersController#show as HTML
  Parameters: {"id"=>"4"}
  [1m[36mUser Load (0.4ms)[0m  [1m[34mSELECT  "users".* FROM "users" WHERE "users"."id" = $1 LIMIT $2[0m  [["id", 4], ["LIMIT", 1]]
  ↳ app/controllers/users_controller.rb:22
  Rendering users/show.html.erb within layouts/application
  Rendered users/show.html.erb within layouts/application (1.0ms)
  [1m[36mUser Load (0.5ms)[0m  [1m[34mSELECT  "users".* FROM "users" WHERE "users"."session_token" = $1 LIMIT $2[0m  [["session_token", "qQ3POnVx_61QmlOqS88UQg"], ["LIMIT", 1]]
  ↳ app/controllers/application_controller.rb:8
Completed 200 OK in 80ms (Views: 49.8ms | ActiveRecord: 1.1ms)


Started GET "/users/4" for ::1 at 2020-11-24 17:40:27 -0500
Processing by UsersController#show as HTML
  Parameters: {"id"=>"4"}
  [1m[36mUser Load (0.6ms)[0m  [1m[34mSELECT  "users".* FROM "users" WHERE "users"."id" = $1 LIMIT $2[0m  [["id", 4], ["LIMIT", 1]]
  ↳ app/controllers/users_controller.rb:22
  Rendering users/show.html.erb within layouts/application
  Rendered users/show.html.erb within layouts/application (0.8ms)
  [1m[36mUser Load (0.7ms)[0m  [1m[34mSELECT  "users".* FROM "users" WHERE "users"."session_token" = $1 LIMIT $2[0m  [["session_token", "qQ3POnVx_61QmlOqS88UQg"], ["LIMIT", 1]]
  ↳ app/controllers/application_controller.rb:8
Completed 200 OK in 34ms (Views: 31.4ms | ActiveRecord: 1.3ms)


  [1m[36mUser Load (0.8ms)[0m  [1m[34mSELECT  "users".* FROM "users" WHERE "users"."username" = $1 LIMIT $2[0m  [["username", "newuser2"], ["LIMIT", 1]]
  [1m[35m (42.2ms)[0m  [1m[34mSELECT pg_try_advisory_lock(667583076948274935)[0m
  ↳ bin/rails:9
  [1m[35m (28.2ms)[0m  [1m[34mSELECT "schema_migrations"."version" FROM "schema_migrations" ORDER BY "schema_migrations"."version" ASC[0m
  ↳ bin/rails:9
Migrating to CreateGoals (20201126163836)
  [1m[35m (0.5ms)[0m  [1m[35mBEGIN[0m
  ↳ bin/rails:9
  [1m[35m (644.4ms)[0m  [1m[35mCREATE TABLE "goals" ("id" bigserial primary key, "user_id" integer NOT NULL, "title" character varying NOT NULL, "description" text, "private" boolean DEFAULT FALSE NOT NULL, "completed" boolean DEFAULT FALSE NOT NULL, "created_at" timestamp NOT NULL, "updated_at" timestamp NOT NULL)[0m
  ↳ db/migrate/20201126163836_create_goals.rb:3
  [1m[35m (26.1ms)[0m  [1m[35mCREATE  INDEX  "index_goals_on_title" ON "goals"  ("title")[0m
  ↳ db/migrate/20201126163836_create_goals.rb:13
  [1m[35m (2.5ms)[0m  [1m[35mCREATE  INDEX  "index_goals_on_user_id" ON "goals"  ("user_id")[0m
  ↳ db/migrate/20201126163836_create_goals.rb:14
  [1m[36mActiveRecord::SchemaMigration Create (1.1ms)[0m  [1m[32mINSERT INTO "schema_migrations" ("version") VALUES ($1) RETURNING "version"[0m  [["version", "20201126163836"]]
  ↳ bin/rails:9
  [1m[35m (118.8ms)[0m  [1m[35mCOMMIT[0m
  ↳ bin/rails:9
  [1m[36mActiveRecord::InternalMetadata Load (18.7ms)[0m  [1m[34mSELECT  "ar_internal_metadata".* FROM "ar_internal_metadata" WHERE "ar_internal_metadata"."key" = $1 LIMIT $2[0m  [["key", "environment"], ["LIMIT", 1]]
  ↳ bin/rails:9
  [1m[35m (0.4ms)[0m  [1m[35mBEGIN[0m
  ↳ bin/rails:9
  [1m[35m (0.4ms)[0m  [1m[35mCOMMIT[0m
  ↳ bin/rails:9
  [1m[35m (0.6ms)[0m  [1m[34mSELECT pg_advisory_unlock(667583076948274935)[0m
  ↳ bin/rails:9
  [1m[35m (0.4ms)[0m  [1m[34mSELECT "schema_migrations"."version" FROM "schema_migrations" ORDER BY "schema_migrations"."version" ASC[0m
  ↳ bin/rails:9
Started GET "/session/new" for ::1 at 2020-11-27 12:49:13 -0500
  [1m[35m (2.5ms)[0m  [1m[34mSELECT "schema_migrations"."version" FROM "schema_migrations" ORDER BY "schema_migrations"."version" ASC[0m
  ↳ /Users/admin/.rbenv/versions/2.5.1/lib/ruby/gems/2.5.0/gems/activerecord-5.2.4.4/lib/active_record/log_subscriber.rb:98
Processing by SessionsController#new as HTML
  Rendering sessions/new.html.erb within layouts/application
  Rendered shared/_errors.html.erb (1.3ms)
  Rendered sessions/new.html.erb within layouts/application (41.7ms)
  [1m[36mUser Load (1.0ms)[0m  [1m[34mSELECT  "users".* FROM "users" WHERE "users"."session_token" = $1 LIMIT $2[0m  [["session_token", "qQ3POnVx_61QmlOqS88UQg"], ["LIMIT", 1]]
  ↳ app/controllers/application_controller.rb:8
Completed 200 OK in 660ms (Views: 643.5ms | ActiveRecord: 11.0ms)


Started GET "/user" for ::1 at 2020-11-27 12:49:50 -0500
  
ActionController::RoutingError (No route matches [GET] "/user"):
  
actionpack (5.2.4.4) lib/action_dispatch/middleware/debug_exceptions.rb:65:in `call'
web-console (3.7.0) lib/web_console/middleware.rb:135:in `call_app'
web-console (3.7.0) lib/web_console/middleware.rb:30:in `block in call'
web-console (3.7.0) lib/web_console/middleware.rb:20:in `catch'
web-console (3.7.0) lib/web_console/middleware.rb:20:in `call'
actionpack (5.2.4.4) lib/action_dispatch/middleware/show_exceptions.rb:33:in `call'
railties (5.2.4.4) lib/rails/rack/logger.rb:38:in `call_app'
railties (5.2.4.4) lib/rails/rack/logger.rb:26:in `block in call'
activesupport (5.2.4.4) lib/active_support/tagged_logging.rb:71:in `block in tagged'
activesupport (5.2.4.4) lib/active_support/tagged_logging.rb:28:in `tagged'
activesupport (5.2.4.4) lib/active_support/tagged_logging.rb:71:in `tagged'
railties (5.2.4.4) lib/rails/rack/logger.rb:26:in `call'
sprockets-rails (3.2.2) lib/sprockets/rails/quiet_assets.rb:13:in `call'
actionpack (5.2.4.4) lib/action_dispatch/middleware/remote_ip.rb:81:in `call'
actionpack (5.2.4.4) lib/action_dispatch/middleware/request_id.rb:27:in `call'
rack (2.2.3) lib/rack/method_override.rb:24:in `call'
rack (2.2.3) lib/rack/runtime.rb:22:in `call'
activesupport (5.2.4.4) lib/active_support/cache/strategy/local_cache_middleware.rb:29:in `call'
actionpack (5.2.4.4) lib/action_dispatch/middleware/executor.rb:14:in `call'
actionpack (5.2.4.4) lib/action_dispatch/middleware/static.rb:127:in `call'
rack (2.2.3) lib/rack/sendfile.rb:110:in `call'
railties (5.2.4.4) lib/rails/engine.rb:524:in `call'
puma (3.12.6) lib/puma/configuration.rb:227:in `call'
puma (3.12.6) lib/puma/server.rb:706:in `handle_request'
puma (3.12.6) lib/puma/server.rb:476:in `process_client'
puma (3.12.6) lib/puma/server.rb:334:in `block in run'
puma (3.12.6) lib/puma/thread_pool.rb:135:in `block in spawn_thread'
  [1m[36mUser Load (0.8ms)[0m  [1m[34mSELECT  "users".* FROM "users" WHERE "users"."username" = $1 LIMIT $2[0m  [["username", "biggertest"], ["LIMIT", 1]]
Started GET "/users/new" for ::1 at 2020-11-27 12:54:41 -0500
Started GET "/users/4" for ::1 at 2020-11-27 12:54:41 -0500
  [1m[35m (31.2ms)[0m  [1m[34mSELECT "schema_migrations"."version" FROM "schema_migrations" ORDER BY "schema_migrations"."version" ASC[0m
  ↳ /Users/admin/.rbenv/versions/2.5.1/lib/ruby/gems/2.5.0/gems/activerecord-5.2.4.4/lib/active_record/log_subscriber.rb:98
  [1m[35m (31.3ms)[0m  [1m[34mSELECT "schema_migrations"."version" FROM "schema_migrations" ORDER BY "schema_migrations"."version" ASC[0m
  ↳ /Users/admin/.rbenv/versions/2.5.1/lib/ruby/gems/2.5.0/gems/activerecord-5.2.4.4/lib/active_record/log_subscriber.rb:98
Processing by UsersController#new as HTML
Processing by UsersController#show as HTML
  Parameters: {"id"=>"4"}
  [1m[36mUser Load (1.6ms)[0m  [1m[34mSELECT  "users".* FROM "users" WHERE "users"."session_token" = $1 LIMIT $2[0m  [["session_token", "qQ3POnVx_61QmlOqS88UQg"], ["LIMIT", 1]]
  ↳ app/controllers/application_controller.rb:8
  Rendering users/new.html.erb within layouts/application
  [1m[36mUser Load (32.0ms)[0m  [1m[34mSELECT  "users".* FROM "users" WHERE "users"."id" = $1 LIMIT $2[0m  [["id", 4], ["LIMIT", 1]]
  ↳ app/controllers/users_controller.rb:22
  [1m[36mCACHE User Load (0.0ms)[0m  [1m[34mSELECT  "users".* FROM "users" WHERE "users"."id" = $1 LIMIT $2[0m  [["id", 4], ["LIMIT", 1]]
  ↳ app/controllers/users_controller.rb:23
  Rendered shared/_errors.html.erb (1.1ms)
  Rendered users/new.html.erb within layouts/application (88.4ms)
  [1m[36mUser Load (1.1ms)[0m  [1m[34mSELECT  "users".* FROM "users" WHERE "users"."session_token" = $1 LIMIT $2[0m  [["session_token", "qQ3POnVx_61QmlOqS88UQg"], ["LIMIT", 1]]
  ↳ app/controllers/application_controller.rb:8
Completed 200 OK in 800ms (Views: 632.1ms | ActiveRecord: 49.7ms)


  Rendering users/show.html.erb within layouts/application
  Rendered users/show.html.erb within layouts/application (30.8ms)
Completed 500 Internal Server Error in 840ms (ActiveRecord: 34.0ms)



ActionController::UrlGenerationError - No route matches {:action=>"new", :controller=>"goals", :id=>"4"}, missing required keys: [:user_id]:
  app/views/users/show.html.erb:3:in `_app_views_users_show_html_erb__2047752034960407371_70276675074700'
  app/controllers/users_controller.rb:24:in `show'

Started POST "/__better_errors/fbc99cf5669b36be/variables" for ::1 at 2020-11-27 12:54:43 -0500
  [1m[36mGoal Load (87.6ms)[0m  [1m[34mSELECT  "goals".* FROM "goals" WHERE "goals"."user_id" = $1 LIMIT $2[0m  [["user_id", 4], ["LIMIT", 11]]
  ↳ /Users/admin/.rbenv/versions/2.5.1/lib/ruby/gems/2.5.0/gems/activerecord-5.2.4.4/lib/active_record/log_subscriber.rb:98
  [1m[36mCACHE Goal Load (0.0ms)[0m  [1m[34mSELECT  "goals".* FROM "goals" WHERE "goals"."user_id" = $1 LIMIT $2[0m  [["user_id", 4], ["LIMIT", 11]]
  ↳ /Users/admin/.rbenv/versions/2.5.1/lib/ruby/gems/2.5.0/gems/activerecord-5.2.4.4/lib/active_record/log_subscriber.rb:98
  [1m[36mCACHE Goal Load (0.0ms)[0m  [1m[34mSELECT  "goals".* FROM "goals" WHERE "goals"."user_id" = $1 LIMIT $2[0m  [["user_id", 4], ["LIMIT", 11]]
  ↳ /Users/admin/.rbenv/versions/2.5.1/lib/ruby/gems/2.5.0/gems/activerecord-5.2.4.4/lib/active_record/log_subscriber.rb:98
  [1m[36mCACHE Goal Load (0.0ms)[0m  [1m[34mSELECT  "goals".* FROM "goals" WHERE "goals"."user_id" = $1 LIMIT $2[0m  [["user_id", 4], ["LIMIT", 11]]
  ↳ /Users/admin/.rbenv/versions/2.5.1/lib/ruby/gems/2.5.0/gems/activerecord-5.2.4.4/lib/active_record/log_subscriber.rb:98
Started GET "/users/4" for ::1 at 2020-11-27 12:56:07 -0500
Processing by UsersController#show as HTML
  Parameters: {"id"=>"4"}
  [1m[36mUser Load (0.9ms)[0m  [1m[34mSELECT  "users".* FROM "users" WHERE "users"."session_token" = $1 LIMIT $2[0m  [["session_token", "qQ3POnVx_61QmlOqS88UQg"], ["LIMIT", 1]]
  ↳ app/controllers/application_controller.rb:8
  [1m[36mUser Load (0.5ms)[0m  [1m[34mSELECT  "users".* FROM "users" WHERE "users"."id" = $1 LIMIT $2[0m  [["id", 4], ["LIMIT", 1]]
  ↳ app/controllers/users_controller.rb:22
  [1m[36mCACHE User Load (0.0ms)[0m  [1m[34mSELECT  "users".* FROM "users" WHERE "users"."id" = $1 LIMIT $2[0m  [["id", 4], ["LIMIT", 1]]
  ↳ app/controllers/users_controller.rb:23
  Rendering users/show.html.erb within layouts/application
  [1m[36mGoal Load (0.6ms)[0m  [1m[34mSELECT "goals".* FROM "goals" WHERE "goals"."user_id" = $1[0m  [["user_id", 4]]
  ↳ app/views/users/show.html.erb:11
  Rendered users/show.html.erb within layouts/application (11.3ms)
Completed 200 OK in 335ms (Views: 261.9ms | ActiveRecord: 16.3ms)


Started GET "/users/4/goals/new" for ::1 at 2020-11-27 12:56:39 -0500
Processing by GoalsController#new as HTML
  Parameters: {"user_id"=>"4"}
  [1m[36mUser Load (0.6ms)[0m  [1m[34mSELECT  "users".* FROM "users" WHERE "users"."session_token" = $1 LIMIT $2[0m  [["session_token", "qQ3POnVx_61QmlOqS88UQg"], ["LIMIT", 1]]
  ↳ app/controllers/application_controller.rb:8
  [1m[36mUser Load (0.6ms)[0m  [1m[34mSELECT  "users".* FROM "users" WHERE "users"."id" = $1 LIMIT $2[0m  [["id", 4], ["LIMIT", 1]]
  ↳ app/controllers/goals_controller.rb:5
  Rendering goals/new.html.erb within layouts/application
  Rendered goals/new.html.erb within layouts/application (0.8ms)
Completed 200 OK in 391ms (Views: 371.8ms | ActiveRecord: 5.0ms)


Started POST "/goals" for ::1 at 2020-11-27 12:56:58 -0500
Processing by GoalsController#create as HTML
  Parameters: {"authenticity_token"=>"1VQRZx6lC7Tx5hTHtQaj8gzkMn8JWm6wARxnujD8jXTCEug4D9qze1403NY0AQaWoMhsd81oTO+oCdbXa6fQ0A==", "goal"=>{"user_id"=>"4", "title"=>"Abs ", "description"=>"I want to have abs", "private"=>"true"}}
  [1m[36mUser Load (0.7ms)[0m  [1m[34mSELECT  "users".* FROM "users" WHERE "users"."session_token" = $1 LIMIT $2[0m  [["session_token", "qQ3POnVx_61QmlOqS88UQg"], ["LIMIT", 1]]
  ↳ app/controllers/application_controller.rb:8
Unpermitted parameter: :private
  [1m[35m (0.3ms)[0m  [1m[35mBEGIN[0m
  ↳ app/controllers/goals_controller.rb:13
  [1m[36mGoal Create (46.5ms)[0m  [1m[32mINSERT INTO "goals" ("user_id", "title", "description", "created_at", "updated_at") VALUES ($1, $2, $3, $4, $5) RETURNING "id"[0m  [["user_id", 4], ["title", "Abs "], ["description", "I want to have abs"], ["created_at", "2020-11-27 17:56:58.101464"], ["updated_at", "2020-11-27 17:56:58.101464"]]
  ↳ app/controllers/goals_controller.rb:13
  [1m[35m (112.5ms)[0m  [1m[35mCOMMIT[0m
  ↳ app/controllers/goals_controller.rb:13
Redirected to http://localhost:3000/users/4
Completed 302 Found in 168ms (ActiveRecord: 160.1ms)


Started GET "/users/4" for ::1 at 2020-11-27 12:56:58 -0500
Processing by UsersController#show as HTML
  Parameters: {"id"=>"4"}
  [1m[36mUser Load (0.6ms)[0m  [1m[34mSELECT  "users".* FROM "users" WHERE "users"."session_token" = $1 LIMIT $2[0m  [["session_token", "qQ3POnVx_61QmlOqS88UQg"], ["LIMIT", 1]]
  ↳ app/controllers/application_controller.rb:8
  [1m[36mUser Load (0.4ms)[0m  [1m[34mSELECT  "users".* FROM "users" WHERE "users"."id" = $1 LIMIT $2[0m  [["id", 4], ["LIMIT", 1]]
  ↳ app/controllers/users_controller.rb:22
  [1m[36mCACHE User Load (0.0ms)[0m  [1m[34mSELECT  "users".* FROM "users" WHERE "users"."id" = $1 LIMIT $2[0m  [["id", 4], ["LIMIT", 1]]
  ↳ app/controllers/users_controller.rb:23
  Rendering users/show.html.erb within layouts/application
  [1m[36mGoal Load (0.8ms)[0m  [1m[34mSELECT "goals".* FROM "goals" WHERE "goals"."user_id" = $1[0m  [["user_id", 4]]
  ↳ app/views/users/show.html.erb:11
  Rendered users/show.html.erb within layouts/application (5.0ms)
Completed 200 OK in 220ms (Views: 214.7ms | ActiveRecord: 1.8ms)


  [1m[36mUser Load (33.9ms)[0m  [1m[34mSELECT  "users".* FROM "users" ORDER BY "users"."id" ASC LIMIT $1[0m  [["LIMIT", 1]]
Started GET "/goals" for ::1 at 2020-11-28 14:49:00 -0500
  [1m[35m (28.8ms)[0m  [1m[34mSELECT "schema_migrations"."version" FROM "schema_migrations" ORDER BY "schema_migrations"."version" ASC[0m
  ↳ /Users/admin/.rbenv/versions/2.5.1/lib/ruby/gems/2.5.0/gems/activerecord-5.2.4.4/lib/active_record/log_subscriber.rb:98
Processing by GoalsController#index as HTML
  [1m[36mUser Load (1.0ms)[0m  [1m[34mSELECT  "users".* FROM "users" WHERE "users"."session_token" = $1 LIMIT $2[0m  [["session_token", "qQ3POnVx_61QmlOqS88UQg"], ["LIMIT", 1]]
  ↳ app/controllers/application_controller.rb:9
  Rendering goals/index.html.erb within layouts/application
  [1m[36mGoal Load (1.8ms)[0m  [1m[34mSELECT "goals".* FROM "goals"[0m
  ↳ app/views/goals/index.html.erb:10
  Rendered goals/index.html.erb within layouts/application (28.3ms)
Completed 200 OK in 701ms (Views: 583.9ms | ActiveRecord: 23.9ms)


  [1m[36mGoal Load (1.0ms)[0m  [1m[34mSELECT "goals".* FROM "goals"[0m
